Worker 20360 received a new request: co:/home/fabio/Documents/Progetto-SOL/test/folder2/3.txt:20365
Worker 20360: Client 20365 has created with lock file/home/fabio/Documents/Progetto-SOL/test/folder2/3.txt
Worker 20360: Client 20365 has written file /home/fabio/Documents/Progetto-SOL/test/folder2/3.txt of size [800000]
Worker 20360 received a new request: co:/home/fabio/Documents/Progetto-SOL/test/folder2/6.txt:20365
Worker 20360: Client 20365 has created with lock file/home/fabio/Documents/Progetto-SOL/test/folder2/6.txt
Worker 20360: Client 20365 has written file /home/fabio/Documents/Progetto-SOL/test/folder2/6.txt of size [10000]
Worker 20360 received a new request: co:/home/fabio/Documents/Progetto-SOL/test/folder2/5.txt:20365
Worker 20360: Client 20365 has created with lock file/home/fabio/Documents/Progetto-SOL/test/folder2/5.txt
Worker 20360: Client 20365 has written file /home/fabio/Documents/Progetto-SOL/test/folder2/5.txt of size [600012]
Worker 20360 received a new request: a:/home/fabio/Documents/Progetto-SOL/test/folder2/5.txt:20365?n
Worker 20360: Client 20365 has appended to file /home/fabio/Documents/Progetto-SOL/test/folder2/5.txt a file of size [200000]
Worker 20360 received a new request: a:/home/fabio/Documents/Progetto-SOL/test/folder2/5.txt:20365?n
Worker 20360: Client 20365 has appended to file /home/fabio/Documents/Progetto-SOL/test/folder2/5.txt a file of size [300000]
Worker 20360 received a new request: a:/home/fabio/Documents/Progetto-SOL/test/folder2/5.txt:20365?n
Worker 20360: Client 20365 has appended to file /home/fabio/Documents/Progetto-SOL/test/folder2/5.txt a file of size [800000]
Worker 20360 received a new request: a:/home/fabio/Documents/Progetto-SOL/test/folder2/5.txt:20365?n
Worker 20360: Client 20365 has appended to file /home/fabio/Documents/Progetto-SOL/test/folder2/5.txt a file of size [100000]
Worker 20360 received a new request: e:20365
Worker 20360: Client 20365 closed file /home/fabio/Documents/Progetto-SOL/test/folder2/6.txt
Worker 20360: Client 20365 closed file /home/fabio/Documents/Progetto-SOL/test/folder2/3.txt
Worker 20360: Client 20365 closed file /home/fabio/Documents/Progetto-SOL/test/folder2/5.txt
Client 20365 disconnected
Worker 20360 received a new request: c:/home/fabio/Documents/Progetto-SOL/test/folder1/cibo/cibo_4.png:20369
Worker 20360: Client 20369 has created file /home/fabio/Documents/Progetto-SOL/test/folder1/cibo/cibo_4.png
Worker 20360: Client 20369 has written file /home/fabio/Documents/Progetto-SOL/test/folder1/cibo/cibo_4.png of size [48951]
Worker 20360 received a new request: c:/home/fabio/Documents/Progetto-SOL/test/folder1/cibo/cibo_13.png:20369
Worker 20360: Client 20369 has created file /home/fabio/Documents/Progetto-SOL/test/folder1/cibo/cibo_13.png
Worker 20360: Client 20369 has written file /home/fabio/Documents/Progetto-SOL/test/folder1/cibo/cibo_13.png of size [93845]
Worker 20360 received a new request: c:/home/fabio/Documents/Progetto-SOL/test/folder1/cibo/cibo_5.png:20369
Worker 20360: Client 20369 has created file /home/fabio/Documents/Progetto-SOL/test/folder1/cibo/cibo_5.png
Worker 20360: Client 20369 has written file /home/fabio/Documents/Progetto-SOL/test/folder1/cibo/cibo_5.png of size [79647]
Worker 20360 received a new request: c:/home/fabio/Documents/Progetto-SOL/test/folder1/cibo/cibo_8.png:20369
Worker 20360: Client 20369 has created file /home/fabio/Documents/Progetto-SOL/test/folder1/cibo/cibo_8.png
Worker 20360: Client 20369 has written file /home/fabio/Documents/Progetto-SOL/test/folder1/cibo/cibo_8.png of size [44118]
Worker 20360 received a new request: c:/home/fabio/Documents/Progetto-SOL/test/folder1/cibo/cibo_10.png:20369
Worker 20360: Client 20369 has created file /home/fabio/Documents/Progetto-SOL/test/folder1/cibo/cibo_10.png
Worker 20360: Client 20369 has written file /home/fabio/Documents/Progetto-SOL/test/folder1/cibo/cibo_10.png of size [51366]
Worker 20360 received a new request: c:/home/fabio/Documents/Progetto-SOL/test/folder1/cibo/cibo_11.png:20369
Worker 20360: Client 20369 has created file /home/fabio/Documents/Progetto-SOL/test/folder1/cibo/cibo_11.png
Worker 20360: Client 20369 has written file /home/fabio/Documents/Progetto-SOL/test/folder1/cibo/cibo_11.png of size [80813]
Worker 20360 received a new request: c:/home/fabio/Documents/Progetto-SOL/test/folder1/cibo/cibo_9.png:20369
Worker 20360: Client 20369 has created file /home/fabio/Documents/Progetto-SOL/test/folder1/cibo/cibo_9.png
Worker 20360: Client 20369 has written file /home/fabio/Documents/Progetto-SOL/test/folder1/cibo/cibo_9.png of size [593867]
Worker 20360 received a new request: c:/home/fabio/Documents/Progetto-SOL/test/folder1/cibo/cibo_6.png:20369
Worker 20360: Client 20369 has created file /home/fabio/Documents/Progetto-SOL/test/folder1/cibo/cibo_6.png
Worker 20360: Client 20369 has written file /home/fabio/Documents/Progetto-SOL/test/folder1/cibo/cibo_6.png of size [275010]
Worker 20360 received a new request: c:/home/fabio/Documents/Progetto-SOL/test/folder1/cibo/cibo_12.png:20369
Worker 20360: Client 20369 has created file /home/fabio/Documents/Progetto-SOL/test/folder1/cibo/cibo_12.png
Worker 20360: Client 20369 has written file /home/fabio/Documents/Progetto-SOL/test/folder1/cibo/cibo_12.png of size [111135]
Worker 20360 received a new request: c:/home/fabio/Documents/Progetto-SOL/test/folder1/cibo/cibo_2.png:20369
Worker 20360: Client 20369 has created file /home/fabio/Documents/Progetto-SOL/test/folder1/cibo/cibo_2.png
Worker 20360: Client 20369 has written file /home/fabio/Documents/Progetto-SOL/test/folder1/cibo/cibo_2.png of size [48773]
Worker 20360 received a new request: c:/home/fabio/Documents/Progetto-SOL/test/folder1/cibo/cibo_1.png:20369
Worker 20360: Client 20369 has created file /home/fabio/Documents/Progetto-SOL/test/folder1/cibo/cibo_1.png
Worker 20360: Client 20369 has written file /home/fabio/Documents/Progetto-SOL/test/folder1/cibo/cibo_1.png of size [33983]
Worker 20360 received a new request: c:/home/fabio/Documents/Progetto-SOL/test/folder1/cibo/cibo_3.png:20369
Worker 20360: Client 20369 has created file /home/fabio/Documents/Progetto-SOL/test/folder1/cibo/cibo_3.png
Worker 20360: Client 20369 has written file /home/fabio/Documents/Progetto-SOL/test/folder1/cibo/cibo_3.png of size [99936]
Worker 20360 received a new request: c:/home/fabio/Documents/Progetto-SOL/test/folder1/cibo/cibo_7.png:20369
Worker 20360: Client 20369 has created file /home/fabio/Documents/Progetto-SOL/test/folder1/cibo/cibo_7.png
Worker 20360: Client 20369 has written file /home/fabio/Documents/Progetto-SOL/test/folder1/cibo/cibo_7.png of size [160041]
Worker 20360 received a new request: c:/home/fabio/Documents/Progetto-SOL/test/folder1/cibo/cibo_14.png:20369
Worker 20360: Client 20369 has created file /home/fabio/Documents/Progetto-SOL/test/folder1/cibo/cibo_14.png
Worker 20360: Client 20369 has written file /home/fabio/Documents/Progetto-SOL/test/folder1/cibo/cibo_14.png of size [48514]
Worker 20360 received a new request: c:/home/fabio/Documents/Progetto-SOL/test/folder1/molti_file/file_piccolo34.txt:20369
Worker 20360: Client 20369 has created file /home/fabio/Documents/Progetto-SOL/test/folder1/molti_file/file_piccolo34.txt
Worker 20360: Client 20369 has written file /home/fabio/Documents/Progetto-SOL/test/folder1/molti_file/file_piccolo34.txt of size [20]
Worker 20360 received a new request: c:/home/fabio/Documents/Progetto-SOL/test/folder1/molti_file/file_piccolo15.txt:20369
Worker 20360: Client 20369 has created file /home/fabio/Documents/Progetto-SOL/test/folder1/molti_file/file_piccolo15.txt
Worker 20360: Client 20369 has written file /home/fabio/Documents/Progetto-SOL/test/folder1/molti_file/file_piccolo15.txt of size [20]
Worker 20360 received a new request: c:/home/fabio/Documents/Progetto-SOL/test/folder1/molti_file/file_piccolo3.txt:20369
Worker 20360: Client 20369 has created file /home/fabio/Documents/Progetto-SOL/test/folder1/molti_file/file_piccolo3.txt
Worker 20360: Client 20369 has written file /home/fabio/Documents/Progetto-SOL/test/folder1/molti_file/file_piccolo3.txt of size [20]
Worker 20360 received a new request: c:/home/fabio/Documents/Progetto-SOL/test/folder1/molti_file/file_piccolo28.txt:20369
Worker 20360: Client 20369 has created file /home/fabio/Documents/Progetto-SOL/test/folder1/molti_file/file_piccolo28.txt
Worker 20360: Client 20369 has written file /home/fabio/Documents/Progetto-SOL/test/folder1/molti_file/file_piccolo28.txt of size [20]
Worker 20360 received a new request: c:/home/fabio/Documents/Progetto-SOL/test/folder1/molti_file/file_piccolo36.txt:20369
Worker 20360: Client 20369 has created file /home/fabio/Documents/Progetto-SOL/test/folder1/molti_file/file_piccolo36.txt
Worker 20360: Client 20369 has written file /home/fabio/Documents/Progetto-SOL/test/folder1/molti_file/file_piccolo36.txt of size [20]
Worker 20360 received a new request: c:/home/fabio/Documents/Progetto-SOL/test/folder1/molti_file/file_piccolo2.txt:20369
Worker 20360: Client 20369 has created file /home/fabio/Documents/Progetto-SOL/test/folder1/molti_file/file_piccolo2.txt
Worker 20360: Client 20369 has written file /home/fabio/Documents/Progetto-SOL/test/folder1/molti_file/file_piccolo2.txt of size [20]
Worker 20360 received a new request: c:/home/fabio/Documents/Progetto-SOL/test/folder1/molti_file/file_piccolo22.txt:20369
Worker 20360: Client 20369 has created file /home/fabio/Documents/Progetto-SOL/test/folder1/molti_file/file_piccolo22.txt
Worker 20360: Client 20369 has written file /home/fabio/Documents/Progetto-SOL/test/folder1/molti_file/file_piccolo22.txt of size [20]
Worker 20360 received a new request: c:/home/fabio/Documents/Progetto-SOL/test/folder1/molti_file/file_piccolo17.txt:20369
Worker 20360: Client 20369 has created file /home/fabio/Documents/Progetto-SOL/test/folder1/molti_file/file_piccolo17.txt
Worker 20360: Client 20369 has written file /home/fabio/Documents/Progetto-SOL/test/folder1/molti_file/file_piccolo17.txt of size [20]
Worker 20360 received a new request: c:/home/fabio/Documents/Progetto-SOL/test/folder1/molti_file/file_piccolo18.txt:20369
Worker 20360: Client 20369 has created file /home/fabio/Documents/Progetto-SOL/test/folder1/molti_file/file_piccolo18.txt
Worker 20360: Client 20369 has written file /home/fabio/Documents/Progetto-SOL/test/folder1/molti_file/file_piccolo18.txt of size [20]
Worker 20360 received a new request: c:/home/fabio/Documents/Progetto-SOL/test/folder1/molti_file/file_piccolo0.txt:20369
Worker 20360: Client 20369 has created file /home/fabio/Documents/Progetto-SOL/test/folder1/molti_file/file_piccolo0.txt
Worker 20360: Client 20369 has written file /home/fabio/Documents/Progetto-SOL/test/folder1/molti_file/file_piccolo0.txt of size [20]
Worker 20360 received a new request: c:/home/fabio/Documents/Progetto-SOL/test/folder1/molti_file/file_piccolo25.txt:20369
Worker 20360: Client 20369 has created file /home/fabio/Documents/Progetto-SOL/test/folder1/molti_file/file_piccolo25.txt
Worker 20360: Client 20369 has written file /home/fabio/Documents/Progetto-SOL/test/folder1/molti_file/file_piccolo25.txt of size [20]
Worker 20360 received a new request: c:/home/fabio/Documents/Progetto-SOL/test/folder1/molti_file/file_piccolo32.txt:20369
Worker 20360: Client 20369 has created file /home/fabio/Documents/Progetto-SOL/test/folder1/molti_file/file_piccolo32.txt
Worker 20360: Client 20369 has written file /home/fabio/Documents/Progetto-SOL/test/folder1/molti_file/file_piccolo32.txt of size [20]
Worker 20360 received a new request: c:/home/fabio/Documents/Progetto-SOL/test/folder1/molti_file/file_piccolo5.txt:20369
Worker 20360: Client 20369 has created file /home/fabio/Documents/Progetto-SOL/test/folder1/molti_file/file_piccolo5.txt
Worker 20360: Client 20369 has written file /home/fabio/Documents/Progetto-SOL/test/folder1/molti_file/file_piccolo5.txt of size [20]
Worker 20360 received a new request: c:/home/fabio/Documents/Progetto-SOL/test/folder1/molti_file/file_piccolo31.txt:20369
Worker 20360: Client 20369 has created file /home/fabio/Documents/Progetto-SOL/test/folder1/molti_file/file_piccolo31.txt
Worker 20360: Client 20369 has written file /home/fabio/Documents/Progetto-SOL/test/folder1/molti_file/file_piccolo31.txt of size [20]
Worker 20360 received a new request: c:/home/fabio/Documents/Progetto-SOL/test/folder1/molti_file/file_piccolo37.txt:20369
Worker 20360: Client 20369 has created file /home/fabio/Documents/Progetto-SOL/test/folder1/molti_file/file_piccolo37.txt
Worker 20360: Client 20369 has written file /home/fabio/Documents/Progetto-SOL/test/folder1/molti_file/file_piccolo37.txt of size [20]
Worker 20360 received a new request: c:/home/fabio/Documents/Progetto-SOL/test/folder1/molti_file/file_piccolo13.txt:20369
Worker 20360: Client 20369 has created file /home/fabio/Documents/Progetto-SOL/test/folder1/molti_file/file_piccolo13.txt
Worker 20360: Client 20369 has written file /home/fabio/Documents/Progetto-SOL/test/folder1/molti_file/file_piccolo13.txt of size [20]
Worker 20360 received a new request: c:/home/fabio/Documents/Progetto-SOL/test/folder1/molti_file/file_piccolo20.txt:20369
Worker 20360: Client 20369 has created file /home/fabio/Documents/Progetto-SOL/test/folder1/molti_file/file_piccolo20.txt
Worker 20360: Client 20369 has written file /home/fabio/Documents/Progetto-SOL/test/folder1/molti_file/file_piccolo20.txt of size [20]
Worker 20360 received a new request: c:/home/fabio/Documents/Progetto-SOL/test/folder1/molti_file/file_piccolo35.txt:20369
Worker 20360: Client 20369 has created file /home/fabio/Documents/Progetto-SOL/test/folder1/molti_file/file_piccolo35.txt
Worker 20360: Client 20369 has written file /home/fabio/Documents/Progetto-SOL/test/folder1/molti_file/file_piccolo35.txt of size [20]
Worker 20360 received a new request: c:/home/fabio/Documents/Progetto-SOL/test/folder1/molti_file/file_piccolo8.txt:20369
Worker 20360: Client 20369 has created file /home/fabio/Documents/Progetto-SOL/test/folder1/molti_file/file_piccolo8.txt
Worker 20360: Client 20369 has written file /home/fabio/Documents/Progetto-SOL/test/folder1/molti_file/file_piccolo8.txt of size [20]
Worker 20360 received a new request: c:/home/fabio/Documents/Progetto-SOL/test/folder1/molti_file/file_piccolo30.txt:20369
Worker 20360: Client 20369 has created file /home/fabio/Documents/Progetto-SOL/test/folder1/molti_file/file_piccolo30.txt
Worker 20360: Client 20369 has written file /home/fabio/Documents/Progetto-SOL/test/folder1/molti_file/file_piccolo30.txt of size [20]
Worker 20360 received a new request: c:/home/fabio/Documents/Progetto-SOL/test/folder1/molti_file/file_piccolo39.txt:20369
Worker 20360: Client 20369 has created file /home/fabio/Documents/Progetto-SOL/test/folder1/molti_file/file_piccolo39.txt
Worker 20360: Client 20369 has written file /home/fabio/Documents/Progetto-SOL/test/folder1/molti_file/file_piccolo39.txt of size [20]
Worker 20360 received a new request: c:/home/fabio/Documents/Progetto-SOL/test/folder1/molti_file/file_piccolo23.txt:20369
Worker 20360: Client 20369 has created file /home/fabio/Documents/Progetto-SOL/test/folder1/molti_file/file_piccolo23.txt
Worker 20360: Client 20369 has written file /home/fabio/Documents/Progetto-SOL/test/folder1/molti_file/file_piccolo23.txt of size [20]
Worker 20360 received a new request: c:/home/fabio/Documents/Progetto-SOL/test/folder1/molti_file/file_piccolo1.txt:20369
Worker 20360: Client 20369 has created file /home/fabio/Documents/Progetto-SOL/test/folder1/molti_file/file_piccolo1.txt
Worker 20360: Client 20369 has written file /home/fabio/Documents/Progetto-SOL/test/folder1/molti_file/file_piccolo1.txt of size [20]
Worker 20360 received a new request: c:/home/fabio/Documents/Progetto-SOL/test/folder1/molti_file/file_piccolo29.txt:20369
Worker 20360: Client 20369 has created file /home/fabio/Documents/Progetto-SOL/test/folder1/molti_file/file_piccolo29.txt
Worker 20360: Client 20369 has written file /home/fabio/Documents/Progetto-SOL/test/folder1/molti_file/file_piccolo29.txt of size [20]
Worker 20360 received a new request: c:/home/fabio/Documents/Progetto-SOL/test/folder1/molti_file/file_piccolo14.txt:20369
Worker 20360: Client 20369 has created file /home/fabio/Documents/Progetto-SOL/test/folder1/molti_file/file_piccolo14.txt
Worker 20360: Client 20369 has written file /home/fabio/Documents/Progetto-SOL/test/folder1/molti_file/file_piccolo14.txt of size [20]
Worker 20360 received a new request: c:/home/fabio/Documents/Progetto-SOL/test/folder1/molti_file/file_piccolo21.txt:20369
Worker 20360: Client 20369 has created file /home/fabio/Documents/Progetto-SOL/test/folder1/molti_file/file_piccolo21.txt
Worker 20360: Client 20369 has written file /home/fabio/Documents/Progetto-SOL/test/folder1/molti_file/file_piccolo21.txt of size [20]
Worker 20360 received a new request: c:/home/fabio/Documents/Progetto-SOL/test/folder1/molti_file/file_piccolo12.txt:20369
Worker 20360: Client 20369 has created file /home/fabio/Documents/Progetto-SOL/test/folder1/molti_file/file_piccolo12.txt
Worker 20360: Client 20369 has written file /home/fabio/Documents/Progetto-SOL/test/folder1/molti_file/file_piccolo12.txt of size [20]
Worker 20360 received a new request: c:/home/fabio/Documents/Progetto-SOL/test/folder1/molti_file/file_piccolo33.txt:20369
Worker 20360: Client 20369 has created file /home/fabio/Documents/Progetto-SOL/test/folder1/molti_file/file_piccolo33.txt
Worker 20360: Client 20369 has written file /home/fabio/Documents/Progetto-SOL/test/folder1/molti_file/file_piccolo33.txt of size [20]
Worker 20360 received a new request: c:/home/fabio/Documents/Progetto-SOL/test/folder1/molti_file/file_piccolo10.txt:20369
Worker 20360: Client 20369 has created file /home/fabio/Documents/Progetto-SOL/test/folder1/molti_file/file_piccolo10.txt
Worker 20360: Client 20369 has written file /home/fabio/Documents/Progetto-SOL/test/folder1/molti_file/file_piccolo10.txt of size [20]
Worker 20360 received a new request: c:/home/fabio/Documents/Progetto-SOL/test/folder1/molti_file/file_piccolo16.txt:20369
Worker 20360: Client 20369 has created file /home/fabio/Documents/Progetto-SOL/test/folder1/molti_file/file_piccolo16.txt
Worker 20360: Client 20369 has written file /home/fabio/Documents/Progetto-SOL/test/folder1/molti_file/file_piccolo16.txt of size [20]
Worker 20360 received a new request: c:/home/fabio/Documents/Progetto-SOL/test/folder1/molti_file/file_piccolo27.txt:20369
Worker 20360: Client 20369 has created file /home/fabio/Documents/Progetto-SOL/test/folder1/molti_file/file_piccolo27.txt
Worker 20360: Client 20369 has written file /home/fabio/Documents/Progetto-SOL/test/folder1/molti_file/file_piccolo27.txt of size [20]
Worker 20360 received a new request: c:/home/fabio/Documents/Progetto-SOL/test/folder1/molti_file/file_piccolo26.txt:20369
Worker 20360: Client 20369 has created file /home/fabio/Documents/Progetto-SOL/test/folder1/molti_file/file_piccolo26.txt
Worker 20360: Client 20369 has written file /home/fabio/Documents/Progetto-SOL/test/folder1/molti_file/file_piccolo26.txt of size [20]
Worker 20360 received a new request: c:/home/fabio/Documents/Progetto-SOL/test/folder1/molti_file/file_piccolo9.txt:20369
Worker 20360: Client 20369 has created file /home/fabio/Documents/Progetto-SOL/test/folder1/molti_file/file_piccolo9.txt
Worker 20360: Client 20369 has written file /home/fabio/Documents/Progetto-SOL/test/folder1/molti_file/file_piccolo9.txt of size [20]
Worker 20360 received a new request: c:/home/fabio/Documents/Progetto-SOL/test/folder1/molti_file/file_piccolo7.txt:20369
Worker 20360: Client 20369 has created file /home/fabio/Documents/Progetto-SOL/test/folder1/molti_file/file_piccolo7.txt
Worker 20360: Client 20369 has written file /home/fabio/Documents/Progetto-SOL/test/folder1/molti_file/file_piccolo7.txt of size [20]
Worker 20360 received a new request: c:/home/fabio/Documents/Progetto-SOL/test/folder1/molti_file/file_piccolo11.txt:20369
Worker 20360: Client 20369 has created file /home/fabio/Documents/Progetto-SOL/test/folder1/molti_file/file_piccolo11.txt
Worker 20360: Client 20369 has written file /home/fabio/Documents/Progetto-SOL/test/folder1/molti_file/file_piccolo11.txt of size [20]
Worker 20360 received a new request: c:/home/fabio/Documents/Progetto-SOL/test/folder1/molti_file/file_piccolo38.txt:20369
Worker 20360: Client 20369 has created file /home/fabio/Documents/Progetto-SOL/test/folder1/molti_file/file_piccolo38.txt
Worker 20360: Client 20369 has written file /home/fabio/Documents/Progetto-SOL/test/folder1/molti_file/file_piccolo38.txt of size [20]
Worker 20360 received a new request: c:/home/fabio/Documents/Progetto-SOL/test/folder1/molti_file/file_piccolo24.txt:20369
Worker 20360: Client 20369 has created file /home/fabio/Documents/Progetto-SOL/test/folder1/molti_file/file_piccolo24.txt
Worker 20360: Client 20369 has written file /home/fabio/Documents/Progetto-SOL/test/folder1/molti_file/file_piccolo24.txt of size [20]
Worker 20360 received a new request: c:/home/fabio/Documents/Progetto-SOL/test/folder1/molti_file/file_piccolo19.txt:20369
Worker 20360: Client 20369 has created file /home/fabio/Documents/Progetto-SOL/test/folder1/molti_file/file_piccolo19.txt
Worker 20360: Client 20369 has written file /home/fabio/Documents/Progetto-SOL/test/folder1/molti_file/file_piccolo19.txt of size [20]
Worker 20360 received a new request: c:/home/fabio/Documents/Progetto-SOL/test/folder1/molti_file/file_piccolo6.txt:20369
Worker 20360: Client 20369 has created file /home/fabio/Documents/Progetto-SOL/test/folder1/molti_file/file_piccolo6.txt
Worker 20360: Client 20369 has written file /home/fabio/Documents/Progetto-SOL/test/folder1/molti_file/file_piccolo6.txt of size [20]
Worker 20360 received a new request: c:/home/fabio/Documents/Progetto-SOL/test/folder1/cani/cani_6.png:20369
Worker 20360: Client 20369 has created file /home/fabio/Documents/Progetto-SOL/test/folder1/cani/cani_6.png
Worker 20360: Client 20369 has written file /home/fabio/Documents/Progetto-SOL/test/folder1/cani/cani_6.png of size [7924]
Worker 20360 received a new request: c:/home/fabio/Documents/Progetto-SOL/test/folder1/cani/cani_3.png:20369
Worker 20360: Client 20369 has created file /home/fabio/Documents/Progetto-SOL/test/folder1/cani/cani_3.png
Worker 20360: Client 20369 has written file /home/fabio/Documents/Progetto-SOL/test/folder1/cani/cani_3.png of size [60264]
Worker 20360 received a new request: c:/home/fabio/Documents/Progetto-SOL/test/folder1/cani/cani_5.png:20369
Worker 20360: Client 20369 has created file /home/fabio/Documents/Progetto-SOL/test/folder1/cani/cani_5.png
Worker 20360: Client 20369 has written file /home/fabio/Documents/Progetto-SOL/test/folder1/cani/cani_5.png of size [6470]
Worker 20360 received a new request: c:/home/fabio/Documents/Progetto-SOL/test/folder1/cani/cani_7.png:20369
Worker 20360: Client 20369 has created file /home/fabio/Documents/Progetto-SOL/test/folder1/cani/cani_7.png
Worker 20360: Client 20369 has written file /home/fabio/Documents/Progetto-SOL/test/folder1/cani/cani_7.png of size [9106]
Worker 20360 received a new request: c:/home/fabio/Documents/Progetto-SOL/test/folder1/cani/cani_8.png:20369
Worker 20360: Client 20369 has created file /home/fabio/Documents/Progetto-SOL/test/folder1/cani/cani_8.png
Worker 20360: Client 20369 has written file /home/fabio/Documents/Progetto-SOL/test/folder1/cani/cani_8.png of size [7172]
Worker 20360 received a new request: c:/home/fabio/Documents/Progetto-SOL/test/folder1/cani/cani_4.png:20369
Worker 20360: Client 20369 has created file /home/fabio/Documents/Progetto-SOL/test/folder1/cani/cani_4.png
Worker 20360: Client 20369 has written file /home/fabio/Documents/Progetto-SOL/test/folder1/cani/cani_4.png of size [71706]
Worker 20360 received a new request: c:/home/fabio/Documents/Progetto-SOL/test/folder1/cani/cani_1.png:20369
Worker 20360: Client 20369 has created file /home/fabio/Documents/Progetto-SOL/test/folder1/cani/cani_1.png
Worker 20360: Client 20369 has written file /home/fabio/Documents/Progetto-SOL/test/folder1/cani/cani_1.png of size [166345]
Worker 20360 received a new request: c:/home/fabio/Documents/Progetto-SOL/test/folder1/cani/cani_2.png:20369
Worker 20360: Client 20369 has created file /home/fabio/Documents/Progetto-SOL/test/folder1/cani/cani_2.png
Worker 20360: Client 20369 has written file /home/fabio/Documents/Progetto-SOL/test/folder1/cani/cani_2.png of size [228414]
Worker 20360 received a new request: c:/home/fabio/Documents/Progetto-SOL/test/folder1/vari/filegenerico1.txt:20369
Worker 20360: Client 20369 has created file /home/fabio/Documents/Progetto-SOL/test/folder1/vari/filegenerico1.txt
Worker 20360: Client 20369 has written file /home/fabio/Documents/Progetto-SOL/test/folder1/vari/filegenerico1.txt of size [1048576]
Worker 20360 received a new request: c:/home/fabio/Documents/Progetto-SOL/test/folder1/vari/filegenerico4.txt:20369
Worker 20360: Client 20369 has created file /home/fabio/Documents/Progetto-SOL/test/folder1/vari/filegenerico4.txt
Worker 20360: Client 20369 has written file /home/fabio/Documents/Progetto-SOL/test/folder1/vari/filegenerico4.txt of size [1048576]
Worker 20360 received a new request: c:/home/fabio/Documents/Progetto-SOL/test/folder1/vari/filegenerico2.txt:20369
Worker 20360: Client 20369 has created file /home/fabio/Documents/Progetto-SOL/test/folder1/vari/filegenerico2.txt
Worker 20360: Client 20369 has written file /home/fabio/Documents/Progetto-SOL/test/folder1/vari/filegenerico2.txt of size [1048576]
Worker 20360 received a new request: c:/home/fabio/Documents/Progetto-SOL/test/folder1/vari/filegenerico5.txt:20369
Worker 20360: Client 20369 has created file /home/fabio/Documents/Progetto-SOL/test/folder1/vari/filegenerico5.txt
Worker 20360: Client 20369 has written file /home/fabio/Documents/Progetto-SOL/test/folder1/vari/filegenerico5.txt of size [1048576]
Worker 20360 received a new request: c:/home/fabio/Documents/Progetto-SOL/test/folder1/vari/Yahoo.html:20369
Worker 20360: Client 20369 has created file /home/fabio/Documents/Progetto-SOL/test/folder1/vari/Yahoo.html
Worker 20360: Client 20369 has written file /home/fabio/Documents/Progetto-SOL/test/folder1/vari/Yahoo.html of size [652354]
Worker 20360 received a new request: c:/home/fabio/Documents/Progetto-SOL/test/folder1/vari/listadellaspesa.txt:20369
Worker 20360: Client 20369 has created file /home/fabio/Documents/Progetto-SOL/test/folder1/vari/listadellaspesa.txt
Worker 20360: Client 20369 has written file /home/fabio/Documents/Progetto-SOL/test/folder1/vari/listadellaspesa.txt of size [215]
Worker 20360 received a new request: c:/home/fabio/Documents/Progetto-SOL/test/folder1/vari/filegenerico3.txt:20369
Worker 20360: Client 20369 has created file /home/fabio/Documents/Progetto-SOL/test/folder1/vari/filegenerico3.txt
Worker 20360: Client 20369 has written file /home/fabio/Documents/Progetto-SOL/test/folder1/vari/filegenerico3.txt of size [1048576]
Worker 20360 received a new request: c:/home/fabio/Documents/Progetto-SOL/test/folder1/vari/Google.html:20369
Worker 20360: Client 20369 has created file /home/fabio/Documents/Progetto-SOL/test/folder1/vari/Google.html
Worker 20360: Client 20369 has written file /home/fabio/Documents/Progetto-SOL/test/folder1/vari/Google.html of size [144355]
Worker 20360 received a new request: rn:0:20369
Worker 20360: Client 20369 has read file /home/fabio/Documents/Progetto-SOL/test/folder2/6.txt of size [10000]
Worker 20360: Client 20369 has read file /home/fabio/Documents/Progetto-SOL/test/folder1/cibo/cibo_11.png of size [80813]
Worker 20360: Client 20369 has read file /home/fabio/Documents/Progetto-SOL/test/folder1/cibo/cibo_6.png of size [275010]
Worker 20360: Client 20369 has read file /home/fabio/Documents/Progetto-SOL/test/folder1/molti_file/file_piccolo8.txt of size [20]
Worker 20360: Client 20369 has read file /home/fabio/Documents/Progetto-SOL/test/folder1/molti_file/file_piccolo15.txt of size [20]
Worker 20360: Client 20369 has read file /home/fabio/Documents/Progetto-SOL/test/folder1/cibo/cibo_14.png of size [48514]
Worker 20360: Client 20369 has read file /home/fabio/Documents/Progetto-SOL/test/folder1/molti_file/file_piccolo22.txt of size [20]
Worker 20360: Client 20369 has read file /home/fabio/Documents/Progetto-SOL/test/folder1/molti_file/file_piccolo0.txt of size [20]
Worker 20360: Client 20369 has read file /home/fabio/Documents/Progetto-SOL/test/folder1/molti_file/file_piccolo34.txt of size [20]
Worker 20360: Client 20369 has read file /home/fabio/Documents/Progetto-SOL/test/folder2/3.txt of size [800000]
Worker 20360: Client 20369 has read file /home/fabio/Documents/Progetto-SOL/test/folder1/cibo/cibo_12.png of size [111135]
Worker 20360: Client 20369 has read file /home/fabio/Documents/Progetto-SOL/test/folder1/cani/cani_8.png of size [7172]
Worker 20360: Client 20369 has read file /home/fabio/Documents/Progetto-SOL/test/folder1/molti_file/file_piccolo30.txt of size [20]
Worker 20360: Client 20369 has read file /home/fabio/Documents/Progetto-SOL/test/folder1/cibo/cibo_4.png of size [48951]
Worker 20360: Client 20369 has read file /home/fabio/Documents/Progetto-SOL/test/folder2/5.txt of size [2000012]
Worker 20360: Client 20369 has read file /home/fabio/Documents/Progetto-SOL/test/folder1/vari/Google.html of size [144355]
Worker 20360: Client 20369 has read file /home/fabio/Documents/Progetto-SOL/test/folder1/molti_file/file_piccolo33.txt of size [20]
Worker 20360: Client 20369 has read file /home/fabio/Documents/Progetto-SOL/test/folder1/molti_file/file_piccolo24.txt of size [20]
Worker 20360: Client 20369 has read file /home/fabio/Documents/Progetto-SOL/test/folder1/molti_file/file_piccolo6.txt of size [20]
Worker 20360: Client 20369 has read file /home/fabio/Documents/Progetto-SOL/test/folder1/molti_file/file_piccolo20.txt of size [20]
Worker 20360: Client 20369 has read file /home/fabio/Documents/Progetto-SOL/test/folder1/vari/listadellaspesa.txt of size [215]
Worker 20360: Client 20369 has read file /home/fabio/Documents/Progetto-SOL/test/folder1/molti_file/file_piccolo23.txt of size [20]
Worker 20360: Client 20369 has read file /home/fabio/Documents/Progetto-SOL/test/folder1/molti_file/file_piccolo3.txt of size [20]
Worker 20360: Client 20369 has read file /home/fabio/Documents/Progetto-SOL/test/folder1/cani/cani_4.png of size [71706]
Worker 20360: Client 20369 has read file /home/fabio/Documents/Progetto-SOL/test/folder1/cibo/cibo_13.png of size [93845]
Worker 20360: Client 20369 has read file /home/fabio/Documents/Progetto-SOL/test/folder1/molti_file/file_piccolo25.txt of size [20]
Worker 20360: Client 20369 has read file /home/fabio/Documents/Progetto-SOL/test/folder1/molti_file/file_piccolo10.txt of size [20]
Worker 20360: Client 20369 has read file /home/fabio/Documents/Progetto-SOL/test/folder1/molti_file/file_piccolo12.txt of size [20]
Worker 20360: Client 20369 has read file /home/fabio/Documents/Progetto-SOL/test/folder1/cani/cani_1.png of size [166345]
Worker 20360: Client 20369 has read file /home/fabio/Documents/Progetto-SOL/test/folder1/cibo/cibo_3.png of size [99936]
Worker 20360: Client 20369 has read file /home/fabio/Documents/Progetto-SOL/test/folder1/molti_file/file_piccolo28.txt of size [20]
Worker 20360: Client 20369 has read file /home/fabio/Documents/Progetto-SOL/test/folder1/molti_file/file_piccolo19.txt of size [20]
Worker 20360: Client 20369 has read file /home/fabio/Documents/Progetto-SOL/test/folder1/vari/filegenerico3.txt of size [1048576]
Worker 20360: Client 20369 has read file /home/fabio/Documents/Progetto-SOL/test/folder1/molti_file/file_piccolo35.txt of size [20]
Worker 20360: Client 20369 has read file /home/fabio/Documents/Progetto-SOL/test/folder1/molti_file/file_piccolo18.txt of size [20]
Worker 20360: Client 20369 has read file /home/fabio/Documents/Progetto-SOL/test/folder1/molti_file/file_piccolo27.txt of size [20]
Worker 20360: Client 20369 has read file /home/fabio/Documents/Progetto-SOL/test/folder1/molti_file/file_piccolo38.txt of size [20]
Worker 20360: Client 20369 has read file /home/fabio/Documents/Progetto-SOL/test/folder1/molti_file/file_piccolo1.txt of size [20]
Worker 20360: Client 20369 has read file /home/fabio/Documents/Progetto-SOL/test/folder1/cibo/cibo_9.png of size [593867]
Worker 20360: Client 20369 has read file /home/fabio/Documents/Progetto-SOL/test/folder1/cibo/cibo_1.png of size [33983]
Worker 20360: Client 20369 has read file /home/fabio/Documents/Progetto-SOL/test/folder1/molti_file/file_piccolo14.txt of size [20]
Worker 20360: Client 20369 has read file /home/fabio/Documents/Progetto-SOL/test/folder1/molti_file/file_piccolo7.txt of size [20]
Worker 20360: Client 20369 has read file /home/fabio/Documents/Progetto-SOL/test/folder1/molti_file/file_piccolo13.txt of size [20]
Worker 20360: Client 20369 has read file /home/fabio/Documents/Progetto-SOL/test/folder1/cani/cani_6.png of size [7924]
Worker 20360: Client 20369 has read file /home/fabio/Documents/Progetto-SOL/test/folder1/cibo/cibo_8.png of size [44118]
Worker 20360: Client 20369 has read file /home/fabio/Documents/Progetto-SOL/test/folder1/vari/filegenerico4.txt of size [1048576]
Worker 20360: Client 20369 has read file /home/fabio/Documents/Progetto-SOL/test/folder1/cibo/cibo_10.png of size [51366]
Worker 20360: Client 20369 has read file /home/fabio/Documents/Progetto-SOL/test/folder1/cani/cani_3.png of size [60264]
Worker 20360: Client 20369 has read file /home/fabio/Documents/Progetto-SOL/test/folder1/cani/cani_2.png of size [228414]
Worker 20360: Client 20369 has read file /home/fabio/Documents/Progetto-SOL/test/folder1/molti_file/file_piccolo39.txt of size [20]
Worker 20360: Client 20369 has read file /home/fabio/Documents/Progetto-SOL/test/folder1/cani/cani_7.png of size [9106]
Worker 20360: Client 20369 has read file /home/fabio/Documents/Progetto-SOL/test/folder1/molti_file/file_piccolo37.txt of size [20]
Worker 20360: Client 20369 has read file /home/fabio/Documents/Progetto-SOL/test/folder1/vari/filegenerico5.txt of size [1048576]
Worker 20360: Client 20369 has read file /home/fabio/Documents/Progetto-SOL/test/folder1/molti_file/file_piccolo5.txt of size [20]
Worker 20360: Client 20369 has read file /home/fabio/Documents/Progetto-SOL/test/folder1/cibo/cibo_7.png of size [160041]
Worker 20360: Client 20369 has read file /home/fabio/Documents/Progetto-SOL/test/folder1/molti_file/file_piccolo16.txt of size [20]
Worker 20360: Client 20369 has read file /home/fabio/Documents/Progetto-SOL/test/folder1/molti_file/file_piccolo26.txt of size [20]
Worker 20360: Client 20369 has read file /home/fabio/Documents/Progetto-SOL/test/folder1/molti_file/file_piccolo9.txt of size [20]
Worker 20360: Client 20369 has read file /home/fabio/Documents/Progetto-SOL/test/folder1/vari/filegenerico2.txt of size [1048576]
Worker 20360: Client 20369 has read file /home/fabio/Documents/Progetto-SOL/test/folder1/molti_file/file_piccolo36.txt of size [20]
Worker 20360: Client 20369 has read file /home/fabio/Documents/Progetto-SOL/test/folder1/molti_file/file_piccolo11.txt of size [20]
Worker 20360: Client 20369 has read file /home/fabio/Documents/Progetto-SOL/test/folder1/molti_file/file_piccolo31.txt of size [20]
Worker 20360: Client 20369 has read file /home/fabio/Documents/Progetto-SOL/test/folder1/vari/filegenerico1.txt of size [1048576]
Worker 20360: Client 20369 has read file /home/fabio/Documents/Progetto-SOL/test/folder1/molti_file/file_piccolo21.txt of size [20]
Worker 20360: Client 20369 has read file /home/fabio/Documents/Progetto-SOL/test/folder1/vari/Yahoo.html of size [652354]
Worker 20360: Client 20369 has read file /home/fabio/Documents/Progetto-SOL/test/folder1/molti_file/file_piccolo2.txt of size [20]
Worker 20360: Client 20369 has read file /home/fabio/Documents/Progetto-SOL/test/folder1/cibo/cibo_5.png of size [79647]
Worker 20360: Client 20369 has read file /home/fabio/Documents/Progetto-SOL/test/folder1/molti_file/file_piccolo32.txt of size [20]
Worker 20360: Client 20369 has read file /home/fabio/Documents/Progetto-SOL/test/folder1/molti_file/file_piccolo17.txt of size [20]
Worker 20360: Client 20369 has read file /home/fabio/Documents/Progetto-SOL/test/folder1/molti_file/file_piccolo29.txt of size [20]
Worker 20360: Client 20369 has read file /home/fabio/Documents/Progetto-SOL/test/folder1/cani/cani_5.png of size [6470]
Worker 20360: Client 20369 has read file /home/fabio/Documents/Progetto-SOL/test/folder1/cibo/cibo_2.png of size [48773]
Worker 20360 received a new request: e:20369
Worker 20360: Client 20369 closed file /home/fabio/Documents/Progetto-SOL/test/folder1/cibo/cibo_11.png
Worker 20360: Client 20369 closed file /home/fabio/Documents/Progetto-SOL/test/folder1/cibo/cibo_6.png
Worker 20360: Client 20369 closed file /home/fabio/Documents/Progetto-SOL/test/folder1/molti_file/file_piccolo8.txt
Worker 20360: Client 20369 closed file /home/fabio/Documents/Progetto-SOL/test/folder1/molti_file/file_piccolo15.txt
Worker 20360: Client 20369 closed file /home/fabio/Documents/Progetto-SOL/test/folder1/cibo/cibo_14.png
Worker 20360: Client 20369 closed file /home/fabio/Documents/Progetto-SOL/test/folder1/molti_file/file_piccolo22.txt
Worker 20360: Client 20369 closed file /home/fabio/Documents/Progetto-SOL/test/folder1/molti_file/file_piccolo0.txt
Worker 20360: Client 20369 closed file /home/fabio/Documents/Progetto-SOL/test/folder1/molti_file/file_piccolo34.txt
Worker 20360: Client 20369 closed file /home/fabio/Documents/Progetto-SOL/test/folder1/cibo/cibo_12.png
Worker 20360: Client 20369 closed file /home/fabio/Documents/Progetto-SOL/test/folder1/cani/cani_8.png
Worker 20360: Client 20369 closed file /home/fabio/Documents/Progetto-SOL/test/folder1/molti_file/file_piccolo30.txt
Worker 20360: Client 20369 closed file /home/fabio/Documents/Progetto-SOL/test/folder1/cibo/cibo_4.png
Worker 20360: Client 20369 closed file /home/fabio/Documents/Progetto-SOL/test/folder1/vari/Google.html
Worker 20360: Client 20369 closed file /home/fabio/Documents/Progetto-SOL/test/folder1/molti_file/file_piccolo33.txt
Worker 20360: Client 20369 closed file /home/fabio/Documents/Progetto-SOL/test/folder1/molti_file/file_piccolo24.txt
Worker 20360: Client 20369 closed file /home/fabio/Documents/Progetto-SOL/test/folder1/molti_file/file_piccolo6.txt
Worker 20360: Client 20369 closed file /home/fabio/Documents/Progetto-SOL/test/folder1/molti_file/file_piccolo20.txt
Worker 20360: Client 20369 closed file /home/fabio/Documents/Progetto-SOL/test/folder1/vari/listadellaspesa.txt
Worker 20360: Client 20369 closed file /home/fabio/Documents/Progetto-SOL/test/folder1/molti_file/file_piccolo23.txt
Worker 20360: Client 20369 closed file /home/fabio/Documents/Progetto-SOL/test/folder1/molti_file/file_piccolo3.txt
Worker 20360: Client 20369 closed file /home/fabio/Documents/Progetto-SOL/test/folder1/cani/cani_4.png
Worker 20360: Client 20369 closed file /home/fabio/Documents/Progetto-SOL/test/folder1/cibo/cibo_13.png
Worker 20360: Client 20369 closed file /home/fabio/Documents/Progetto-SOL/test/folder1/molti_file/file_piccolo25.txt
Worker 20360: Client 20369 closed file /home/fabio/Documents/Progetto-SOL/test/folder1/molti_file/file_piccolo10.txt
Worker 20360: Client 20369 closed file /home/fabio/Documents/Progetto-SOL/test/folder1/molti_file/file_piccolo12.txt
Worker 20360: Client 20369 closed file /home/fabio/Documents/Progetto-SOL/test/folder1/cani/cani_1.png
Worker 20360: Client 20369 closed file /home/fabio/Documents/Progetto-SOL/test/folder1/cibo/cibo_3.png
Worker 20360: Client 20369 closed file /home/fabio/Documents/Progetto-SOL/test/folder1/molti_file/file_piccolo28.txt
Worker 20360: Client 20369 closed file /home/fabio/Documents/Progetto-SOL/test/folder1/molti_file/file_piccolo19.txt
Worker 20360: Client 20369 closed file /home/fabio/Documents/Progetto-SOL/test/folder1/vari/filegenerico3.txt
Worker 20360: Client 20369 closed file /home/fabio/Documents/Progetto-SOL/test/folder1/molti_file/file_piccolo35.txt
Worker 20360: Client 20369 closed file /home/fabio/Documents/Progetto-SOL/test/folder1/molti_file/file_piccolo18.txt
Worker 20360: Client 20369 closed file /home/fabio/Documents/Progetto-SOL/test/folder1/molti_file/file_piccolo27.txt
Worker 20360: Client 20369 closed file /home/fabio/Documents/Progetto-SOL/test/folder1/molti_file/file_piccolo38.txt
Worker 20360: Client 20369 closed file /home/fabio/Documents/Progetto-SOL/test/folder1/molti_file/file_piccolo1.txt
Worker 20360: Client 20369 closed file /home/fabio/Documents/Progetto-SOL/test/folder1/cibo/cibo_9.png
Worker 20360: Client 20369 closed file /home/fabio/Documents/Progetto-SOL/test/folder1/cibo/cibo_1.png
Worker 20360: Client 20369 closed file /home/fabio/Documents/Progetto-SOL/test/folder1/molti_file/file_piccolo14.txt
Worker 20360: Client 20369 closed file /home/fabio/Documents/Progetto-SOL/test/folder1/molti_file/file_piccolo7.txt
Worker 20360: Client 20369 closed file /home/fabio/Documents/Progetto-SOL/test/folder1/molti_file/file_piccolo13.txt
Worker 20360: Client 20369 closed file /home/fabio/Documents/Progetto-SOL/test/folder1/cani/cani_6.png
Worker 20360: Client 20369 closed file /home/fabio/Documents/Progetto-SOL/test/folder1/cibo/cibo_8.png
Worker 20360: Client 20369 closed file /home/fabio/Documents/Progetto-SOL/test/folder1/vari/filegenerico4.txt
Worker 20360: Client 20369 closed file /home/fabio/Documents/Progetto-SOL/test/folder1/cibo/cibo_10.png
Worker 20360: Client 20369 closed file /home/fabio/Documents/Progetto-SOL/test/folder1/cani/cani_3.png
Worker 20360: Client 20369 closed file /home/fabio/Documents/Progetto-SOL/test/folder1/cani/cani_2.png
Worker 20360: Client 20369 closed file /home/fabio/Documents/Progetto-SOL/test/folder1/molti_file/file_piccolo39.txt
Worker 20360: Client 20369 closed file /home/fabio/Documents/Progetto-SOL/test/folder1/cani/cani_7.png
Worker 20360: Client 20369 closed file /home/fabio/Documents/Progetto-SOL/test/folder1/molti_file/file_piccolo37.txt
Worker 20360: Client 20369 closed file /home/fabio/Documents/Progetto-SOL/test/folder1/vari/filegenerico5.txt
Worker 20360: Client 20369 closed file /home/fabio/Documents/Progetto-SOL/test/folder1/molti_file/file_piccolo5.txt
Worker 20360: Client 20369 closed file /home/fabio/Documents/Progetto-SOL/test/folder1/cibo/cibo_7.png
Worker 20360: Client 20369 closed file /home/fabio/Documents/Progetto-SOL/test/folder1/molti_file/file_piccolo16.txt
Worker 20360: Client 20369 closed file /home/fabio/Documents/Progetto-SOL/test/folder1/molti_file/file_piccolo26.txt
Worker 20360: Client 20369 closed file /home/fabio/Documents/Progetto-SOL/test/folder1/molti_file/file_piccolo9.txt
Worker 20360: Client 20369 closed file /home/fabio/Documents/Progetto-SOL/test/folder1/vari/filegenerico2.txt
Worker 20360: Client 20369 closed file /home/fabio/Documents/Progetto-SOL/test/folder1/molti_file/file_piccolo36.txt
Worker 20360: Client 20369 closed file /home/fabio/Documents/Progetto-SOL/test/folder1/molti_file/file_piccolo11.txt
Worker 20360: Client 20369 closed file /home/fabio/Documents/Progetto-SOL/test/folder1/molti_file/file_piccolo31.txt
Worker 20360: Client 20369 closed file /home/fabio/Documents/Progetto-SOL/test/folder1/vari/filegenerico1.txt
Worker 20360: Client 20369 closed file /home/fabio/Documents/Progetto-SOL/test/folder1/molti_file/file_piccolo21.txt
Worker 20360: Client 20369 closed file /home/fabio/Documents/Progetto-SOL/test/folder1/vari/Yahoo.html
Worker 20360: Client 20369 closed file /home/fabio/Documents/Progetto-SOL/test/folder1/molti_file/file_piccolo2.txt
Worker 20360: Client 20369 closed file /home/fabio/Documents/Progetto-SOL/test/folder1/cibo/cibo_5.png
Worker 20360: Client 20369 closed file /home/fabio/Documents/Progetto-SOL/test/folder1/molti_file/file_piccolo32.txt
Worker 20360: Client 20369 closed file /home/fabio/Documents/Progetto-SOL/test/folder1/molti_file/file_piccolo17.txt
Worker 20360: Client 20369 closed file /home/fabio/Documents/Progetto-SOL/test/folder1/molti_file/file_piccolo29.txt
Worker 20360: Client 20369 closed file /home/fabio/Documents/Progetto-SOL/test/folder1/cani/cani_5.png
Worker 20360: Client 20369 closed file /home/fabio/Documents/Progetto-SOL/test/folder1/cibo/cibo_2.png
Client 20369 disconnected
Worker 20360 received a new request: o:/home/fabio/Documents/Progetto-SOL/test/folder2/5.txt:20441
Worker 20360: Client 20441 has opened file /home/fabio/Documents/Progetto-SOL/test/folder2/5.txt
Worker 20360 received a new request: o:/home/fabio/Documents/Progetto-SOL/test/folder1/cani/cani_1.png:20441
Worker 20360: Client 20441 has opened file /home/fabio/Documents/Progetto-SOL/test/folder1/cani/cani_1.png
Worker 20360 received a new request: l:/home/fabio/Documents/Progetto-SOL/test/folder2/5.txt:20441
Worker 20360: Client 20441 locked file /home/fabio/Documents/Progetto-SOL/test/folder2/5.txt
Worker 20360 received a new request: l:/home/fabio/Documents/Progetto-SOL/test/folder1/cani/cani_1.png:20441
Worker 20360: Client 20441 locked file /home/fabio/Documents/Progetto-SOL/test/folder1/cani/cani_1.png
Worker 20360 received a new request: o:/home/fabio/Documents/Progetto-SOL/test/folder2/5.txt:20441
Worker 20360 received a new request: r:/home/fabio/Documents/Progetto-SOL/test/folder2/5.txt:20441
Worker 20360: Client 20441 has read file /home/fabio/Documents/Progetto-SOL/test/folder2/5.txt of size [2000012]
Worker 20360 received a new request: o:/home/fabio/Documents/Progetto-SOL/test/folder1/cani/cani_1.png:20441
Worker 20360 received a new request: r:/home/fabio/Documents/Progetto-SOL/test/folder1/cani/cani_1.png:20441
Worker 20360: Client 20441 has read file /home/fabio/Documents/Progetto-SOL/test/folder1/cani/cani_1.png of size [166345]
Worker 20360 received a new request: rm:/home/fabio/Documents/Progetto-SOL/test/folder2/5.txt:20441
Worker 20360: Client 20441 closed file /home/fabio/Documents/Progetto-SOL/test/folder2/5.txt
Worker 20360: Client 20441 removed file /home/fabio/Documents/Progetto-SOL/test/folder2/5.txt of size [2000012]
Worker 20360 received a new request: u:/home/fabio/Documents/Progetto-SOL/test/folder1/cani/cani_1.png:20441
Worker 20360: Client 20441 unlocked file /home/fabio/Documents/Progetto-SOL/test/folder1/cani/cani_1.png
Worker 20360 received a new request: e:20441
Worker 20360: Client 20441 closed file /home/fabio/Documents/Progetto-SOL/test/folder1/cani/cani_1.png
Client 20441 disconnected
Worker 20360 received a new request: co:/home/fabio/Documents/Progetto-SOL/test/folder1/cani/cani_6.png:20451
Worker 20360: Client 20451 has opened with lock file /home/fabio/Documents/Progetto-SOL/test/folder1/cani/cani_6.png
Worker 20360 received a new request: co:/home/fabio/Documents/Progetto-SOL/test/folder1/cani/cani_3.png:20451
Worker 20360: Client 20451 has opened with lock file /home/fabio/Documents/Progetto-SOL/test/folder1/cani/cani_3.png
Worker 20360 received a new request: co:/home/fabio/Documents/Progetto-SOL/test/folder1/cani/cani_5.png:20451
Worker 20360: Client 20451 has opened with lock file /home/fabio/Documents/Progetto-SOL/test/folder1/cani/cani_5.png
Worker 20360 received a new request: co:/home/fabio/Documents/Progetto-SOL/test/folder1/cani/cani_7.png:20451
Worker 20360: Client 20451 has opened with lock file /home/fabio/Documents/Progetto-SOL/test/folder1/cani/cani_7.png
Worker 20360 received a new request: co:/home/fabio/Documents/Progetto-SOL/test/folder1/cani/cani_8.png:20451
Worker 20360: Client 20451 has opened with lock file /home/fabio/Documents/Progetto-SOL/test/folder1/cani/cani_8.png
Worker 20360 received a new request: co:/home/fabio/Documents/Progetto-SOL/test/folder1/cani/cani_4.png:20451
Worker 20360: Client 20451 has opened with lock file /home/fabio/Documents/Progetto-SOL/test/folder1/cani/cani_4.png
Worker 20360 received a new request: co:/home/fabio/Documents/Progetto-SOL/test/folder1/cani/cani_1.png:20451
Worker 20360: Client 20451 has opened with lock file /home/fabio/Documents/Progetto-SOL/test/folder1/cani/cani_1.png
Worker 20360 received a new request: co:/home/fabio/Documents/Progetto-SOL/test/folder1/cani/cani_2.png:20451
Worker 20360: Client 20451 has opened with lock file /home/fabio/Documents/Progetto-SOL/test/folder1/cani/cani_2.png
Worker 20360 received a new request: u:/home/fabio/Documents/Progetto-SOL/test/folder1/cani/cani_1.png:20451
Worker 20360: Client 20451 unlocked file /home/fabio/Documents/Progetto-SOL/test/folder1/cani/cani_1.png
Worker 20360 received a new request: u:/home/fabio/Documents/Progetto-SOL/test/folder1/cani/cani_2.png:20451
Worker 20360: Client 20451 unlocked file /home/fabio/Documents/Progetto-SOL/test/folder1/cani/cani_2.png
Worker 20360 received a new request: u:/home/fabio/Documents/Progetto-SOL/test/folder1/cani/cani_3.png:20451
Worker 20360: Client 20451 unlocked file /home/fabio/Documents/Progetto-SOL/test/folder1/cani/cani_3.png
Worker 20360 received a new request: u:/home/fabio/Documents/Progetto-SOL/test/folder1/molti_file/file_piccolo5.txt:20451
Worker 20360: Error with client 20451: Client tried to unlock a non-locked file
Worker 20360 received a new request: rn:5:20451
Worker 20360: Client 20451 has read file /home/fabio/Documents/Progetto-SOL/test/folder2/6.txt of size [10000]
Worker 20360: Client 20451 has read file /home/fabio/Documents/Progetto-SOL/test/folder1/cibo/cibo_11.png of size [80813]
Worker 20360: Client 20451 has read file /home/fabio/Documents/Progetto-SOL/test/folder1/cibo/cibo_6.png of size [275010]
Worker 20360: Client 20451 has read file /home/fabio/Documents/Progetto-SOL/test/folder1/molti_file/file_piccolo8.txt of size [20]
Worker 20360: Client 20451 has read file /home/fabio/Documents/Progetto-SOL/test/folder1/molti_file/file_piccolo15.txt of size [20]
Worker 20360 received a new request: e:20451
Worker 20360: Client 20451 closed file /home/fabio/Documents/Progetto-SOL/test/folder1/cani/cani_8.png
Worker 20360: Client 20451 closed file /home/fabio/Documents/Progetto-SOL/test/folder1/cani/cani_4.png
Worker 20360: Client 20451 closed file /home/fabio/Documents/Progetto-SOL/test/folder1/cani/cani_1.png
Worker 20360: Client 20451 closed file /home/fabio/Documents/Progetto-SOL/test/folder1/cani/cani_6.png
Worker 20360: Client 20451 closed file /home/fabio/Documents/Progetto-SOL/test/folder1/cani/cani_3.png
Worker 20360: Client 20451 closed file /home/fabio/Documents/Progetto-SOL/test/folder1/cani/cani_2.png
Worker 20360: Client 20451 closed file /home/fabio/Documents/Progetto-SOL/test/folder1/cani/cani_7.png
Worker 20360: Client 20451 closed file /home/fabio/Documents/Progetto-SOL/test/folder1/cani/cani_5.png
Client 20451 disconnected

STATISTICS:
Max stored data size (MB): 10
Max number of files stored: 72
Max connected clients: 2
