Worker 67429: Received a new request -> c:/home/fabio/Documents/Progetto-SOL/test/folder1/cibo/cibo_4.png:67433
Worker 67429: Client 67433 has created file /home/fabio/Documents/Progetto-SOL/test/folder1/cibo/cibo_4.png
Worker 67429: Client 67433 has written file /home/fabio/Documents/Progetto-SOL/test/folder1/cibo/ci
Worker 67429: Received a new request -> c:/home/fabio/Documents/Progetto-SOL/test/folder1/cibo/cibo_13.png:67433
Worker 67429: Client 67433 has created file /home/fabio/Documents/Progetto-SOL/test/folder1/cibo/cibo_13.png
Worker 67429: Client 67433 has written file /home/fabio/Documents/Progetto-SOL/test/folder1/cibo/ci
Worker 67429: Received a new request -> c:/home/fabio/Documents/Progetto-SOL/test/folder1/cibo/cibo_5.png:67433
Worker 67429: Client 67433 has created file /home/fabio/Documents/Progetto-SOL/test/folder1/cibo/cibo_5.png
Worker 67429: Client 67433 has written file /home/fabio/Documents/Progetto-SOL/test/folder1/cibo/ci
Worker 67429: Received a new request -> c:/home/fabio/Documents/Progetto-SOL/test/folder1/cibo/cibo_8.png:67433
Worker 67429: Client 67433 has created file /home/fabio/Documents/Progetto-SOL/test/folder1/cibo/cibo_8.png
Worker 67429: Client 67433 has written file /home/fabio/Documents/Progetto-SOL/test/folder1/cibo/ci
Worker 67429: Received a new request -> c:/home/fabio/Documents/Progetto-SOL/test/folder1/cibo/cibo_10.png:67433
Worker 67429: Client 67433 has created file /home/fabio/Documents/Progetto-SOL/test/folder1/cibo/cibo_10.png
Worker 67429: Client 67433 has written file /home/fabio/Documents/Progetto-SOL/test/folder1/cibo/ci
Worker 67429: Received a new request -> c:/home/fabio/Documents/Progetto-SOL/test/folder1/cibo/cibo_11.png:67433
Worker 67429: Client 67433 has created file /home/fabio/Documents/Progetto-SOL/test/folder1/cibo/cibo_11.png
Worker 67429: Client 67433 has written file /home/fabio/Documents/Progetto-SOL/test/folder1/cibo/ci
Worker 67429: Received a new request -> c:/home/fabio/Documents/Progetto-SOL/test/folder1/cibo/cibo_9.png:67433
Worker 67429: Client 67433 has created file /home/fabio/Documents/Progetto-SOL/test/folder1/cibo/cibo_9.png
Worker 67429: Client 67433 has written file /home/fabio/Documents/Progetto-SOL/test/folder1/cibo/ci
Worker 67429: Received a new request -> c:/home/fabio/Documents/Progetto-SOL/test/folder1/cibo/cibo_6.png:67433
Worker 67429: Client 67433 has created file /home/fabio/Documents/Progetto-SOL/test/folder1/cibo/cibo_6.png
Worker 67429: Client 67433 has written file /home/fabio/Documents/Progetto-SOL/test/folder1/cibo/ci
Worker 67429: Received a new request -> c:/home/fabio/Documents/Progetto-SOL/test/folder1/cibo/cibo_12.png:67433
Worker 67429: Client 67433 has created file /home/fabio/Documents/Progetto-SOL/test/folder1/cibo/cibo_12.png
Worker 67429: Client 67433 has written file /home/fabio/Documents/Progetto-SOL/test/folder1/cibo/ci
Worker 67429: Received a new request -> c:/home/fabio/Documents/Progetto-SOL/test/folder1/cibo/cibo_2.png:67433
Worker 67429: Client 67433 has created file /home/fabio/Documents/Progetto-SOL/test/folder1/cibo/cibo_2.png
Worker 67429: Client 67433 has written file /home/fabio/Documents/Progetto-SOL/test/folder1/cibo/ci
Worker 67429: Received a new request -> c:/home/fabio/Documents/Progetto-SOL/test/folder1/cibo/cibo_1.png:67433
Worker 67429: Client 67433 has created file /home/fabio/Documents/Progetto-SOL/test/folder1/cibo/cibo_1.png
Worker 67429: Client 67433 has written file /home/fabio/Documents/Progetto-SOL/test/folder1/cibo/ci
Worker 67429: Received a new request -> c:/home/fabio/Documents/Progetto-SOL/test/folder1/cibo/cibo_3.png:67433
Worker 67429: Client 67433 has created file /home/fabio/Documents/Progetto-SOL/test/folder1/cibo/cibo_3.png
Worker 67429: Client 67433 has written file /home/fabio/Documents/Progetto-SOL/test/folder1/cibo/ci
Worker 67429: Received a new request -> c:/home/fabio/Documents/Progetto-SOL/test/folder1/cibo/cibo_7.png:67433
Worker 67429: Client 67433 has created file /home/fabio/Documents/Progetto-SOL/test/folder1/cibo/cibo_7.png
Worker 67429: Client 67433 has written file /home/fabio/Documents/Progetto-SOL/test/folder1/cibo/ci
Worker 67429: Received a new request -> c:/home/fabio/Documents/Progetto-SOL/test/folder1/cibo/cibo_14.png:67433
Worker 67429: Client 67433 has created file /home/fabio/Documents/Progetto-SOL/test/folder1/cibo/cibo_14.png
Worker 67429: Client 67433 has written file /home/fabio/Documents/Progetto-SOL/test/folder1/cibo/ci
Worker 67429: Received a new request -> c:/home/fabio/Documents/Progetto-SOL/test/folder1/cani/cani_6.png:67433
Worker 67429: Client 67433 has created file /home/fabio/Documents/Progetto-SOL/test/folder1/cani/cani_6.png
Worker 67429: Client 67433 has written file /home/fabio/Documents/Progetto-SOL/test/folder1/cani/ca
Worker 67429: Received a new request -> c:/home/fabio/Documents/Progetto-SOL/test/folder1/cani/cani_3.png:67433
Worker 67429: Client 67433 has created file /home/fabio/Documents/Progetto-SOL/test/folder1/cani/cani_3.png
Worker 67429: Client 67433 has written file /home/fabio/Documents/Progetto-SOL/test/folder1/cani/ca
Worker 67429: Received a new request -> c:/home/fabio/Documents/Progetto-SOL/test/folder1/cani/cani_5.png:67433
Worker 67429: Client 67433 has created file /home/fabio/Documents/Progetto-SOL/test/folder1/cani/cani_5.png
Worker 67429: Client 67433 has written file /home/fabio/Documents/Progetto-SOL/test/folder1/cani/ca
Worker 67429: Received a new request -> c:/home/fabio/Documents/Progetto-SOL/test/folder1/cani/cani_7.png:67433
Worker 67429: Client 67433 has created file /home/fabio/Documents/Progetto-SOL/test/folder1/cani/cani_7.png
Worker 67429: Client 67433 has written file /home/fabio/Documents/Progetto-SOL/test/folder1/cani/ca
Worker 67429: Received a new request -> c:/home/fabio/Documents/Progetto-SOL/test/folder1/cani/cani_8.png:67433
Worker 67429: Client 67433 has created file /home/fabio/Documents/Progetto-SOL/test/folder1/cani/cani_8.png
Worker 67429: Client 67433 has written file /home/fabio/Documents/Progetto-SOL/test/folder1/cani/ca
Worker 67429: Received a new request -> c:/home/fabio/Documents/Progetto-SOL/test/folder1/cani/cani_4.png:67433
Worker 67429: Client 67433 has created file /home/fabio/Documents/Progetto-SOL/test/folder1/cani/cani_4.png
Worker 67429: Client 67433 has written file /home/fabio/Documents/Progetto-SOL/test/folder1/cani/ca
Worker 67429: Received a new request -> c:/home/fabio/Documents/Progetto-SOL/test/folder1/cani/cani_1.png:67433
Worker 67429: Client 67433 has created file /home/fabio/Documents/Progetto-SOL/test/folder1/cani/cani_1.png
Worker 67429: Client 67433 has written file /home/fabio/Documents/Progetto-SOL/test/folder1/cani/ca
Worker 67429: Received a new request -> c:/home/fabio/Documents/Progetto-SOL/test/folder1/cani/cani_2.png:67433
Worker 67429: Client 67433 has created file /home/fabio/Documents/Progetto-SOL/test/folder1/cani/cani_2.png
Worker 67429: Client 67433 has written file /home/fabio/Documents/Progetto-SOL/test/folder1/cani/ca
Worker 67429: Received a new request -> c:/home/fabio/Documents/Progetto-SOL/test/folder1/vari/filegenerico1.txt:67433
Worker 67429: Client 67433 has created file /home/fabio/Documents/Progetto-SOL/test/folder1/vari/filegenerico1.txt
Worker 67429: Client 67433 has written file /home/fabio/Documents/Progetto-SOL/test/folder1/vari/fi
Worker 67429: Received a new request -> c:/home/fabio/Documents/Progetto-SOL/test/folder1/vari/filegenerico4.txt:67433
Worker 67429: Client 67433 has created file /home/fabio/Documents/Progetto-SOL/test/folder1/vari/filegenerico4.txt
Worker 67429: Client 67433 has written file /home/fabio/Documents/Progetto-SOL/test/folder1/vari/fi
Worker 67429: Received a new request -> c:/home/fabio/Documents/Progetto-SOL/test/folder1/vari/filegenerico2.txt:67433
Worker 67429: Client 67433 has created file /home/fabio/Documents/Progetto-SOL/test/folder1/vari/filegenerico2.txt
Worker 67429: Client 67433 has written file /home/fabio/Documents/Progetto-SOL/test/folder1/vari/fi
Worker 67429: Received a new request -> c:/home/fabio/Documents/Progetto-SOL/test/folder1/vari/filegenerico5.txt:67433
Worker 67429: Client 67433 has created file /home/fabio/Documents/Progetto-SOL/test/folder1/vari/filegenerico5.txt
Worker 67429: Client 67433 has written file /home/fabio/Documents/Progetto-SOL/test/folder1/vari/fi
Worker 67429: Received a new request -> c:/home/fabio/Documents/Progetto-SOL/test/folder1/vari/Yahoo.html:67433
Worker 67429: Client 67433 has created file /home/fabio/Documents/Progetto-SOL/test/folder1/vari/Yahoo.html
Worker 67429: Client 67433 has written file /home/fabio/Documents/Progetto-SOL/test/folder1/vari/Ya
Worker 67429: Received a new request -> c:/home/fabio/Documents/Progetto-SOL/test/folder1/vari/listadellaspesa.txt:67433
Worker 67429: Client 67433 has created file /home/fabio/Documents/Progetto-SOL/test/folder1/vari/listadellaspesa.txt
Worker 67429: Client 67433 has written file /home/fabio/Documents/Progetto-SOL/test/folder1/vari/li
Worker 67429: Received a new request -> c:/home/fabio/Documents/Progetto-SOL/test/folder1/vari/filegenerico3.txt:67433
Worker 67429: Client 67433 has created file /home/fabio/Documents/Progetto-SOL/test/folder1/vari/filegenerico3.txt
Worker 67429: Client 67433 has written file /home/fabio/Documents/Progetto-SOL/test/folder1/vari/fi
Worker 67429: Received a new request -> c:/home/fabio/Documents/Progetto-SOL/test/folder1/vari/Google.html:67433
Worker 67429: Client 67433 has created file /home/fabio/Documents/Progetto-SOL/test/folder1/vari/Google.html
Worker 67429: Client 67433 has written file /home/fabio/Documents/Progetto-SOL/test/folder1/vari/Go
Worker 67429: Received a new request -> rn:4:67433
Worker 67429: Client 67433 has read file /home/fabio/Documents/Progetto-SOL/test/folder1/cibo/cibo_
Worker 67429: Client 67433 has read file /home/fabio/Documents/Progetto-SOL/test/folder1/cibo/cibo_
Worker 67429: Client 67433 has read file /home/fabio/Documents/Progetto-SOL/test/folder1/cibo/cibo_
Worker 67429: Client 67433 has read file /home/fabio/Documents/Progetto-SOL/test/folder1/cibo/cibo_
Worker 67429: Received a new request -> e:67433
Worker 67429: Client 67433 closed file /home/fabio/Documents/Progetto-SOL/test/folder1/cibo/cibo_11.png
Worker 67429: Client 67433 closed file /home/fabio/Documents/Progetto-SOL/test/folder1/cibo/cibo_6.png
Worker 67429: Client 67433 closed file /home/fabio/Documents/Progetto-SOL/test/folder1/cibo/cibo_14.png
Worker 67429: Client 67433 closed file /home/fabio/Documents/Progetto-SOL/test/folder1/cibo/cibo_12.png
Worker 67429: Client 67433 closed file /home/fabio/Documents/Progetto-SOL/test/folder1/cani/cani_8.png
Worker 67429: Client 67433 closed file /home/fabio/Documents/Progetto-SOL/test/folder1/cibo/cibo_4.png
Worker 67429: Client 67433 closed file /home/fabio/Documents/Progetto-SOL/test/folder1/vari/Google.html
Worker 67429: Client 67433 closed file /home/fabio/Documents/Progetto-SOL/test/folder1/vari/listadellaspesa.txt
Worker 67429: Client 67433 closed file /home/fabio/Documents/Progetto-SOL/test/folder1/cani/cani_4.png
Worker 67429: Client 67433 closed file /home/fabio/Documents/Progetto-SOL/test/folder1/cibo/cibo_13.png
Worker 67429: Client 67433 closed file /home/fabio/Documents/Progetto-SOL/test/folder1/cani/cani_1.png
Worker 67429: Client 67433 closed file /home/fabio/Documents/Progetto-SOL/test/folder1/cibo/cibo_3.png
Worker 67429: Client 67433 closed file /home/fabio/Documents/Progetto-SOL/test/folder1/vari/filegenerico3.txt
Worker 67429: Client 67433 closed file /home/fabio/Documents/Progetto-SOL/test/folder1/cibo/cibo_9.png
Worker 67429: Client 67433 closed file /home/fabio/Documents/Progetto-SOL/test/folder1/cibo/cibo_1.png
Worker 67429: Client 67433 closed file /home/fabio/Documents/Progetto-SOL/test/folder1/cani/cani_6.png
Worker 67429: Client 67433 closed file /home/fabio/Documents/Progetto-SOL/test/folder1/cibo/cibo_8.png
Worker 67429: Client 67433 closed file /home/fabio/Documents/Progetto-SOL/test/folder1/vari/filegenerico4.txt
Worker 67429: Client 67433 closed file /home/fabio/Documents/Progetto-SOL/test/folder1/cibo/cibo_10.png
Worker 67429: Client 67433 closed file /home/fabio/Documents/Progetto-SOL/test/folder1/cani/cani_3.png
Worker 67429: Client 67433 closed file /home/fabio/Documents/Progetto-SOL/test/folder1/cani/cani_2.png
Worker 67429: Client 67433 closed file /home/fabio/Documents/Progetto-SOL/test/folder1/cani/cani_7.png
Worker 67429: Client 67433 closed file /home/fabio/Documents/Progetto-SOL/test/folder1/vari/filegenerico5.txt
Worker 67429: Client 67433 closed file /home/fabio/Documents/Progetto-SOL/test/folder1/cibo/cibo_7.png
Worker 67429: Client 67433 closed file /home/fabio/Documents/Progetto-SOL/test/folder1/vari/filegenerico2.txt
Worker 67429: Client 67433 closed file /home/fabio/Documents/Progetto-SOL/test/folder1/vari/filegenerico1.txt
Worker 67429: Client 67433 closed file /home/fabio/Documents/Progetto-SOL/test/folder1/vari/Yahoo.html
Worker 67429: Client 67433 closed file /home/fabio/Documents/Progetto-SOL/test/folder1/cibo/cibo_5.png
Worker 67429: Client 67433 closed file /home/fabio/Documents/Progetto-SOL/test/folder1/cani/cani_5.png
Worker 67429: Client 67433 closed file /home/fabio/Documents/Progetto-SOL/test/folder1/cibo/cibo_2.png
Client 67433 disconnected
Worker 67429: Received a new request -> co:/home/fabio/Documents/Progetto-SOL/test/folder2/3.txt:67465
Worker 67429: Client 67465 has created with lock file/home/fabio/Documents/Progetto-SOL/test/folder2/3.txt
Worker 67429: Client 67465 has written file /home/fabio/Documents/Progetto-SOL/test/folder2/3.txt o
Worker 67429: Received a new request -> co:/home/fabio/Documents/Progetto-SOL/test/folder2/6.txt:67465
Worker 67429: Client 67465 has created with lock file/home/fabio/Documents/Progetto-SOL/test/folder2/6.txt
Worker 67429: Client 67465 has written file /home/fabio/Documents/Progetto-SOL/test/folder2/6.txt o
Worker 67429: Received a new request -> co:/home/fabio/Documents/Progetto-SOL/test/folder2/5.txt:67465
Worker 67429: Client 67465 has created with lock file/home/fabio/Documents/Progetto-SOL/test/folder2/5.txt
Worker 67429: Client 67465 has written file /home/fabio/Documents/Progetto-SOL/test/folder2/5.txt o
Worker 67429: Received a new request -> a:/home/fabio/Documents/Progetto-SOL/test/folder2/5.txt:67465?y
Worker 67429: Client 67465 has appended to file /home/fabio/Documents/Progetto-SOL/test/folder2/5.t
Worker 67429: Received a new request -> a:/home/fabio/Documents/Progetto-SOL/test/folder2/5.txt:67465?y
Worker 67429: Client 67465 has appended to file /home/fabio/Documents/Progetto-SOL/test/folder2/5.t
Worker 67429: Received a new request -> a:/home/fabio/Documents/Progetto-SOL/test/folder2/5.txt:67465?y
Worker 67429: Client 67465 has appended to file /home/fabio/Documents/Progetto-SOL/test/folder2/5.t
Worker 67429: Received a new request -> a:/home/fabio/Documents/Progetto-SOL/test/folder2/5.txt:67465?y
Worker 67429: Client 67465 has appended to file /home/fabio/Documents/Progetto-SOL/test/folder2/5.t
Worker 67429: Received a new request -> e:67465
Worker 67429: Client 67465 closed file /home/fabio/Documents/Progetto-SOL/test/folder2/6.txt
Worker 67429: Client 67465 closed file /home/fabio/Documents/Progetto-SOL/test/folder2/3.txt
Worker 67429: Client 67465 closed file /home/fabio/Documents/Progetto-SOL/test/folder2/5.txt
Client 67465 disconnected
Worker 67429: Received a new request -> o:/home/fabio/Documents/Progetto-SOL/test/folder2/5.txt:67470
Worker 67429: Client 67470 has opened file /home/fabio/Documents/Progetto-SOL/test/folder2/5.txt
Worker 67429: Received a new request -> l:/home/fabio/Documents/Progetto-SOL/test/folder2/5.txt:67470
Worker 67429: Client 67470 locked file /home/fabio/Documents/Progetto-SOL/test/folder2/5.txt
Worker 67429: Received a new request -> o:/home/fabio/Documents/Progetto-SOL/test/folder2/5.txt:67470
Worker 67429: Received a new request -> r:/home/fabio/Documents/Progetto-SOL/test/folder2/5.txt:67470
Worker 67429: Client 67470 has read file /home/fabio/Documents/Progetto-SOL/test/folder2/5.txt of s
Worker 67429: Received a new request -> rm:/home/fabio/Documents/Progetto-SOL/test/folder2/5.txt:67470
Worker 67429: Client 67470 closed file /home/fabio/Documents/Progetto-SOL/test/folder2/5.txt
Worker 67429: Client 67470 removed file /home/fabio/Documents/Progetto-SOL/test/folder2/5.txt of size [2000012]
Worker 67429: Received a new request -> e:67470
Client 67470 disconnected

STATISTICS:
Max stored data size (MB): 10
Max number of files stored: 33
Max connected clients: 1
