Worker 66902: Received a new request -> c:/home/fabio/Documents/Progetto-SOL/test/folder1/cibo/cibo_4.png:66907
Worker 66902: Client 66907 has created file /home/fabio/Documents/Progetto-SOL/test/folder1/cibo/cibo_4.png
Worker 66902: Client 66907 has written file /home/fabio/Documents/Progetto-SOL/test/folder1/cibo/ci
Worker 66902: Received a new request -> c:/home/fabio/Documents/Progetto-SOL/test/folder1/cibo/cibo_13.png:66907
Worker 66902: Client 66907 has created file /home/fabio/Documents/Progetto-SOL/test/folder1/cibo/cibo_13.png
Worker 66902: Client 66907 has written file /home/fabio/Documents/Progetto-SOL/test/folder1/cibo/ci
Worker 66902: Received a new request -> c:/home/fabio/Documents/Progetto-SOL/test/folder1/cibo/cibo_5.png:66907
Worker 66902: Client 66907 has created file /home/fabio/Documents/Progetto-SOL/test/folder1/cibo/cibo_5.png
Worker 66902: Client 66907 has written file /home/fabio/Documents/Progetto-SOL/test/folder1/cibo/ci
Worker 66902: Received a new request -> c:/home/fabio/Documents/Progetto-SOL/test/folder1/cibo/cibo_8.png:66907
Worker 66902: Client 66907 has created file /home/fabio/Documents/Progetto-SOL/test/folder1/cibo/cibo_8.png
Worker 66902: Client 66907 has written file /home/fabio/Documents/Progetto-SOL/test/folder1/cibo/ci
Worker 66902: Received a new request -> c:/home/fabio/Documents/Progetto-SOL/test/folder1/cibo/cibo_10.png:66907
Worker 66902: Client 66907 has created file /home/fabio/Documents/Progetto-SOL/test/folder1/cibo/cibo_10.png
Worker 66902: Client 66907 has written file /home/fabio/Documents/Progetto-SOL/test/folder1/cibo/ci
Worker 66902: Received a new request -> c:/home/fabio/Documents/Progetto-SOL/test/folder1/cibo/cibo_11.png:66907
Worker 66902: Client 66907 has created file /home/fabio/Documents/Progetto-SOL/test/folder1/cibo/cibo_11.png
Worker 66902: Client 66907 has written file /home/fabio/Documents/Progetto-SOL/test/folder1/cibo/ci
Worker 66902: Received a new request -> c:/home/fabio/Documents/Progetto-SOL/test/folder1/cibo/cibo_9.png:66907
Worker 66902: Client 66907 has created file /home/fabio/Documents/Progetto-SOL/test/folder1/cibo/cibo_9.png
Worker 66902: Client 66907 has written file /home/fabio/Documents/Progetto-SOL/test/folder1/cibo/ci
Worker 66902: Received a new request -> c:/home/fabio/Documents/Progetto-SOL/test/folder1/cibo/cibo_6.png:66907
Worker 66902: Client 66907 has created file /home/fabio/Documents/Progetto-SOL/test/folder1/cibo/cibo_6.png
Worker 66902: Client 66907 has written file /home/fabio/Documents/Progetto-SOL/test/folder1/cibo/ci
Worker 66902: Received a new request -> c:/home/fabio/Documents/Progetto-SOL/test/folder1/cibo/cibo_12.png:66907
Worker 66902: Client 66907 has created file /home/fabio/Documents/Progetto-SOL/test/folder1/cibo/cibo_12.png
Worker 66902: Client 66907 has written file /home/fabio/Documents/Progetto-SOL/test/folder1/cibo/ci
Worker 66902: Received a new request -> c:/home/fabio/Documents/Progetto-SOL/test/folder1/cibo/cibo_2.png:66907
Worker 66902: Client 66907 has created file /home/fabio/Documents/Progetto-SOL/test/folder1/cibo/cibo_2.png
Worker 66902: Client 66907 has written file /home/fabio/Documents/Progetto-SOL/test/folder1/cibo/ci
Worker 66902: Received a new request -> c:/home/fabio/Documents/Progetto-SOL/test/folder1/cibo/cibo_1.png:66907
Worker 66902: Client 66907 has created file /home/fabio/Documents/Progetto-SOL/test/folder1/cibo/cibo_1.png
Worker 66902: Client 66907 has written file /home/fabio/Documents/Progetto-SOL/test/folder1/cibo/ci
Worker 66902: Received a new request -> c:/home/fabio/Documents/Progetto-SOL/test/folder1/cibo/cibo_3.png:66907
Worker 66902: Client 66907 has created file /home/fabio/Documents/Progetto-SOL/test/folder1/cibo/cibo_3.png
Worker 66902: Client 66907 has written file /home/fabio/Documents/Progetto-SOL/test/folder1/cibo/ci
Worker 66902: Received a new request -> c:/home/fabio/Documents/Progetto-SOL/test/folder1/cibo/cibo_7.png:66907
Worker 66902: Client 66907 has created file /home/fabio/Documents/Progetto-SOL/test/folder1/cibo/cibo_7.png
Worker 66902: Client 66907 has written file /home/fabio/Documents/Progetto-SOL/test/folder1/cibo/ci
Worker 66902: Received a new request -> c:/home/fabio/Documents/Progetto-SOL/test/folder1/cibo/cibo_14.png:66907
Worker 66902: Client 66907 has created file /home/fabio/Documents/Progetto-SOL/test/folder1/cibo/cibo_14.png
Worker 66902: Client 66907 has written file /home/fabio/Documents/Progetto-SOL/test/folder1/cibo/ci
Worker 66902: Received a new request -> c:/home/fabio/Documents/Progetto-SOL/test/folder1/cani/cani_6.png:66907
Worker 66902: Client 66907 has created file /home/fabio/Documents/Progetto-SOL/test/folder1/cani/cani_6.png
Worker 66902: Client 66907 has written file /home/fabio/Documents/Progetto-SOL/test/folder1/cani/ca
Worker 66902: Received a new request -> c:/home/fabio/Documents/Progetto-SOL/test/folder1/cani/cani_3.png:66907
Worker 66902: Client 66907 has created file /home/fabio/Documents/Progetto-SOL/test/folder1/cani/cani_3.png
Worker 66902: Client 66907 has written file /home/fabio/Documents/Progetto-SOL/test/folder1/cani/ca
Worker 66902: Received a new request -> c:/home/fabio/Documents/Progetto-SOL/test/folder1/cani/cani_5.png:66907
Worker 66902: Client 66907 has created file /home/fabio/Documents/Progetto-SOL/test/folder1/cani/cani_5.png
Worker 66902: Client 66907 has written file /home/fabio/Documents/Progetto-SOL/test/folder1/cani/ca
Worker 66902: Received a new request -> c:/home/fabio/Documents/Progetto-SOL/test/folder1/cani/cani_7.png:66907
Worker 66902: Client 66907 has created file /home/fabio/Documents/Progetto-SOL/test/folder1/cani/cani_7.png
Worker 66902: Client 66907 has written file /home/fabio/Documents/Progetto-SOL/test/folder1/cani/ca
Worker 66902: Received a new request -> c:/home/fabio/Documents/Progetto-SOL/test/folder1/cani/cani_8.png:66907
Worker 66902: Client 66907 has created file /home/fabio/Documents/Progetto-SOL/test/folder1/cani/cani_8.png
Worker 66902: Client 66907 has written file /home/fabio/Documents/Progetto-SOL/test/folder1/cani/ca
Worker 66902: Received a new request -> c:/home/fabio/Documents/Progetto-SOL/test/folder1/cani/cani_4.png:66907
Worker 66902: Client 66907 has created file /home/fabio/Documents/Progetto-SOL/test/folder1/cani/cani_4.png
Worker 66902: Client 66907 has written file /home/fabio/Documents/Progetto-SOL/test/folder1/cani/ca
Worker 66902: Received a new request -> c:/home/fabio/Documents/Progetto-SOL/test/folder1/cani/cani_1.png:66907
Worker 66902: Client 66907 has created file /home/fabio/Documents/Progetto-SOL/test/folder1/cani/cani_1.png
Worker 66902: Client 66907 has written file /home/fabio/Documents/Progetto-SOL/test/folder1/cani/ca
Worker 66902: Received a new request -> c:/home/fabio/Documents/Progetto-SOL/test/folder1/cani/cani_2.png:66907
Worker 66902: Client 66907 has created file /home/fabio/Documents/Progetto-SOL/test/folder1/cani/cani_2.png
Worker 66902: Client 66907 has written file /home/fabio/Documents/Progetto-SOL/test/folder1/cani/ca
Worker 66902: Received a new request -> c:/home/fabio/Documents/Progetto-SOL/test/folder1/vari/filegenerico1.txt:66907
Worker 66902: Client 66907 has created file /home/fabio/Documents/Progetto-SOL/test/folder1/vari/filegenerico1.txt
Worker 66902: Client 66907 has written file /home/fabio/Documents/Progetto-SOL/test/folder1/vari/fi
Worker 66902: Received a new request -> c:/home/fabio/Documents/Progetto-SOL/test/folder1/vari/filegenerico4.txt:66907
Worker 66902: Client 66907 has created file /home/fabio/Documents/Progetto-SOL/test/folder1/vari/filegenerico4.txt
Worker 66902: Client 66907 has written file /home/fabio/Documents/Progetto-SOL/test/folder1/vari/fi
Worker 66902: Received a new request -> c:/home/fabio/Documents/Progetto-SOL/test/folder1/vari/filegenerico2.txt:66907
Worker 66902: Client 66907 has created file /home/fabio/Documents/Progetto-SOL/test/folder1/vari/filegenerico2.txt
Worker 66902: Client 66907 has written file /home/fabio/Documents/Progetto-SOL/test/folder1/vari/fi
Worker 66902: Received a new request -> c:/home/fabio/Documents/Progetto-SOL/test/folder1/vari/filegenerico5.txt:66907
Worker 66902: Client 66907 has created file /home/fabio/Documents/Progetto-SOL/test/folder1/vari/filegenerico5.txt
Worker 66902: Client 66907 has written file /home/fabio/Documents/Progetto-SOL/test/folder1/vari/fi
Worker 66902: Received a new request -> c:/home/fabio/Documents/Progetto-SOL/test/folder1/vari/Yahoo.html:66907
Worker 66902: Client 66907 has created file /home/fabio/Documents/Progetto-SOL/test/folder1/vari/Yahoo.html
Worker 66902: Client 66907 has written file /home/fabio/Documents/Progetto-SOL/test/folder1/vari/Ya
Worker 66902: Received a new request -> c:/home/fabio/Documents/Progetto-SOL/test/folder1/vari/listadellaspesa.txt:66907
Worker 66902: Client 66907 has created file /home/fabio/Documents/Progetto-SOL/test/folder1/vari/listadellaspesa.txt
Worker 66902: Client 66907 has written file /home/fabio/Documents/Progetto-SOL/test/folder1/vari/li
Worker 66902: Received a new request -> c:/home/fabio/Documents/Progetto-SOL/test/folder1/vari/filegenerico3.txt:66907
Worker 66902: Client 66907 has created file /home/fabio/Documents/Progetto-SOL/test/folder1/vari/filegenerico3.txt
Worker 66902: Client 66907 has written file /home/fabio/Documents/Progetto-SOL/test/folder1/vari/fi
Worker 66902: Received a new request -> c:/home/fabio/Documents/Progetto-SOL/test/folder1/vari/Google.html:66907
Worker 66902: Client 66907 has created file /home/fabio/Documents/Progetto-SOL/test/folder1/vari/Google.html
Worker 66902: Client 66907 has written file /home/fabio/Documents/Progetto-SOL/test/folder1/vari/Go
Worker 66902: Received a new request -> rn:4:66907
Worker 66902: Client 66907 has read file /home/fabio/Documents/Progetto-SOL/test/folder1/cibo/cibo_
Worker 66902: Client 66907 has read file /home/fabio/Documents/Progetto-SOL/test/folder1/cibo/cibo_
Worker 66902: Client 66907 has read file /home/fabio/Documents/Progetto-SOL/test/folder1/cibo/cibo_
Worker 66902: Client 66907 has read file /home/fabio/Documents/Progetto-SOL/test/folder1/cibo/cibo_
Worker 66902: Received a new request -> e:66907
Worker 66902: Client 66907 closed file /home/fabio/Documents/Progetto-SOL/test/folder1/cibo/cibo_11.png
Worker 66902: Client 66907 closed file /home/fabio/Documents/Progetto-SOL/test/folder1/cibo/cibo_6.png
Worker 66902: Client 66907 closed file /home/fabio/Documents/Progetto-SOL/test/folder1/cibo/cibo_14.png
Worker 66902: Client 66907 closed file /home/fabio/Documents/Progetto-SOL/test/folder1/cibo/cibo_12.png
Worker 66902: Client 66907 closed file /home/fabio/Documents/Progetto-SOL/test/folder1/cani/cani_8.png
Worker 66902: Client 66907 closed file /home/fabio/Documents/Progetto-SOL/test/folder1/cibo/cibo_4.png
Worker 66902: Client 66907 closed file /home/fabio/Documents/Progetto-SOL/test/folder1/vari/Google.html
Worker 66902: Client 66907 closed file /home/fabio/Documents/Progetto-SOL/test/folder1/vari/listadellaspesa.txt
Worker 66902: Client 66907 closed file /home/fabio/Documents/Progetto-SOL/test/folder1/cani/cani_4.png
Worker 66902: Client 66907 closed file /home/fabio/Documents/Progetto-SOL/test/folder1/cibo/cibo_13.png
Worker 66902: Client 66907 closed file /home/fabio/Documents/Progetto-SOL/test/folder1/cani/cani_1.png
Worker 66902: Client 66907 closed file /home/fabio/Documents/Progetto-SOL/test/folder1/cibo/cibo_3.png
Worker 66902: Client 66907 closed file /home/fabio/Documents/Progetto-SOL/test/folder1/vari/filegenerico3.txt
Worker 66902: Client 66907 closed file /home/fabio/Documents/Progetto-SOL/test/folder1/cibo/cibo_9.png
Worker 66902: Client 66907 closed file /home/fabio/Documents/Progetto-SOL/test/folder1/cibo/cibo_1.png
Worker 66902: Client 66907 closed file /home/fabio/Documents/Progetto-SOL/test/folder1/cani/cani_6.png
Worker 66902: Client 66907 closed file /home/fabio/Documents/Progetto-SOL/test/folder1/cibo/cibo_8.png
Worker 66902: Client 66907 closed file /home/fabio/Documents/Progetto-SOL/test/folder1/vari/filegenerico4.txt
Worker 66902: Client 66907 closed file /home/fabio/Documents/Progetto-SOL/test/folder1/cibo/cibo_10.png
Worker 66902: Client 66907 closed file /home/fabio/Documents/Progetto-SOL/test/folder1/cani/cani_3.png
Worker 66902: Client 66907 closed file /home/fabio/Documents/Progetto-SOL/test/folder1/cani/cani_2.png
Worker 66902: Client 66907 closed file /home/fabio/Documents/Progetto-SOL/test/folder1/cani/cani_7.png
Worker 66902: Client 66907 closed file /home/fabio/Documents/Progetto-SOL/test/folder1/vari/filegenerico5.txt
Worker 66902: Client 66907 closed file /home/fabio/Documents/Progetto-SOL/test/folder1/cibo/cibo_7.png
Worker 66902: Client 66907 closed file /home/fabio/Documents/Progetto-SOL/test/folder1/vari/filegenerico2.txt
Worker 66902: Client 66907 closed file /home/fabio/Documents/Progetto-SOL/test/folder1/vari/filegenerico1.txt
Worker 66902: Client 66907 closed file /home/fabio/Documents/Progetto-SOL/test/folder1/vari/Yahoo.html
Worker 66902: Client 66907 closed file /home/fabio/Documents/Progetto-SOL/test/folder1/cibo/cibo_5.png
Worker 66902: Client 66907 closed file /home/fabio/Documents/Progetto-SOL/test/folder1/cani/cani_5.png
Worker 66902: Client 66907 closed file /home/fabio/Documents/Progetto-SOL/test/folder1/cibo/cibo_2.png
Client 66907 disconnected
Worker 66902: Received a new request -> co:/home/fabio/Documents/Progetto-SOL/test/folder2/3.txt:66940
Worker 66902: Client 66940 has created with lock file/home/fabio/Documents/Progetto-SOL/test/folder2/3.txt
Worker 66902: Client 66940 has written file /home/fabio/Documents/Progetto-SOL/test/folder2/3.txt o
Worker 66902: Received a new request -> co:/home/fabio/Documents/Progetto-SOL/test/folder2/6.txt:66940
Worker 66902: Client 66940 has created with lock file/home/fabio/Documents/Progetto-SOL/test/folder2/6.txt
Worker 66902: Client 66940 has written file /home/fabio/Documents/Progetto-SOL/test/folder2/6.txt o
Worker 66902: Received a new request -> co:/home/fabio/Documents/Progetto-SOL/test/folder2/5.txt:66940
Worker 66902: Client 66940 has created with lock file/home/fabio/Documents/Progetto-SOL/test/folder2/5.txt
Worker 66902: Client 66940 has written file /home/fabio/Documents/Progetto-SOL/test/folder2/5.txt o
Worker 66902: Received a new request -> a:/home/fabio/Documents/Progetto-SOL/test/folder2/5.txt:66940?y
Worker 66902: Client 66940 has appended to file /home/fabio/Documents/Progetto-SOL/test/folder2/5.t
Worker 66902: Received a new request -> a:/home/fabio/Documents/Progetto-SOL/test/folder2/5.txt:66940?y
Worker 66902: Client 66940 has appended to file /home/fabio/Documents/Progetto-SOL/test/folder2/5.t
Worker 66902: Received a new request -> a:/home/fabio/Documents/Progetto-SOL/test/folder2/5.txt:66940?y
Worker 66902: Client 66940 has appended to file /home/fabio/Documents/Progetto-SOL/test/folder2/5.t
Worker 66902: Received a new request -> a:/home/fabio/Documents/Progetto-SOL/test/folder2/5.txt:66940?y
Worker 66902: Client 66940 has appended to file /home/fabio/Documents/Progetto-SOL/test/folder2/5.t
Worker 66902: Received a new request -> e:66940
Worker 66902: Client 66940 closed file /home/fabio/Documents/Progetto-SOL/test/folder2/6.txt
Worker 66902: Client 66940 closed file /home/fabio/Documents/Progetto-SOL/test/folder2/3.txt
Worker 66902: Client 66940 closed file /home/fabio/Documents/Progetto-SOL/test/folder2/5.txt
Client 66940 disconnected
Worker 66902: Received a new request -> o:/home/fabio/Documents/Progetto-SOL/test/folder2/5.txt:66946
Worker 66902: Client 66946 has opened file /home/fabio/Documents/Progetto-SOL/test/folder2/5.txt
Worker 66902: Received a new request -> l:/home/fabio/Documents/Progetto-SOL/test/folder2/5.txt:66946
Worker 66902: Client 66946 locked file /home/fabio/Documents/Progetto-SOL/test/folder2/5.txt
