Worker 66428: Received a new request -> c:/home/fabio/Documents/Progetto-SOL/test/folder1/cibo/cibo_4.png:66431
Worker 66428: Client 66431 has created file /home/fabio/Documents/Progetto-SOL/test/folder1/cibo/cibo_4.png
Worker 66428: Client 66431 has written file /home/fabio/Documents/Progetto-SOL/test/folder1/cibo/ci
Worker 66428: Received a new request -> c:/home/fabio/Documents/Progetto-SOL/test/folder1/cibo/cibo_13.png:66431
Worker 66428: Client 66431 has created file /home/fabio/Documents/Progetto-SOL/test/folder1/cibo/cibo_13.png
Worker 66428: Client 66431 has written file /home/fabio/Documents/Progetto-SOL/test/folder1/cibo/ci
Worker 66428: Received a new request -> c:/home/fabio/Documents/Progetto-SOL/test/folder1/cibo/cibo_5.png:66431
Worker 66428: Client 66431 has created file /home/fabio/Documents/Progetto-SOL/test/folder1/cibo/cibo_5.png
Worker 66428: Client 66431 has written file /home/fabio/Documents/Progetto-SOL/test/folder1/cibo/ci
Worker 66428: Received a new request -> c:/home/fabio/Documents/Progetto-SOL/test/folder1/cibo/cibo_8.png:66431
Worker 66428: Client 66431 has created file /home/fabio/Documents/Progetto-SOL/test/folder1/cibo/cibo_8.png
Worker 66428: Client 66431 has written file /home/fabio/Documents/Progetto-SOL/test/folder1/cibo/ci
Worker 66428: Received a new request -> c:/home/fabio/Documents/Progetto-SOL/test/folder1/cibo/cibo_10.png:66431
Worker 66428: Client 66431 has created file /home/fabio/Documents/Progetto-SOL/test/folder1/cibo/cibo_10.png
Worker 66428: Client 66431 has written file /home/fabio/Documents/Progetto-SOL/test/folder1/cibo/ci
Worker 66428: Received a new request -> c:/home/fabio/Documents/Progetto-SOL/test/folder1/cibo/cibo_11.png:66431
Worker 66428: Client 66431 has created file /home/fabio/Documents/Progetto-SOL/test/folder1/cibo/cibo_11.png
Worker 66428: Client 66431 has written file /home/fabio/Documents/Progetto-SOL/test/folder1/cibo/ci
Worker 66428: Received a new request -> c:/home/fabio/Documents/Progetto-SOL/test/folder1/cibo/cibo_9.png:66431
Worker 66428: Client 66431 has created file /home/fabio/Documents/Progetto-SOL/test/folder1/cibo/cibo_9.png
Worker 66428: Client 66431 has written file /home/fabio/Documents/Progetto-SOL/test/folder1/cibo/ci
Worker 66428: Received a new request -> c:/home/fabio/Documents/Progetto-SOL/test/folder1/cibo/cibo_6.png:66431
Worker 66428: Client 66431 has created file /home/fabio/Documents/Progetto-SOL/test/folder1/cibo/cibo_6.png
Worker 66428: Client 66431 has written file /home/fabio/Documents/Progetto-SOL/test/folder1/cibo/ci
Worker 66428: Received a new request -> c:/home/fabio/Documents/Progetto-SOL/test/folder1/cibo/cibo_12.png:66431
Worker 66428: Client 66431 has created file /home/fabio/Documents/Progetto-SOL/test/folder1/cibo/cibo_12.png
Worker 66428: Client 66431 has written file /home/fabio/Documents/Progetto-SOL/test/folder1/cibo/ci
Worker 66428: Received a new request -> c:/home/fabio/Documents/Progetto-SOL/test/folder1/cibo/cibo_2.png:66431
Worker 66428: Client 66431 has created file /home/fabio/Documents/Progetto-SOL/test/folder1/cibo/cibo_2.png
Worker 66428: Client 66431 has written file /home/fabio/Documents/Progetto-SOL/test/folder1/cibo/ci
Worker 66428: Received a new request -> c:/home/fabio/Documents/Progetto-SOL/test/folder1/cibo/cibo_1.png:66431
Worker 66428: Client 66431 has created file /home/fabio/Documents/Progetto-SOL/test/folder1/cibo/cibo_1.png
Worker 66428: Client 66431 has written file /home/fabio/Documents/Progetto-SOL/test/folder1/cibo/ci
Worker 66428: Received a new request -> c:/home/fabio/Documents/Progetto-SOL/test/folder1/cibo/cibo_3.png:66431
Worker 66428: Client 66431 has created file /home/fabio/Documents/Progetto-SOL/test/folder1/cibo/cibo_3.png
Worker 66428: Client 66431 has written file /home/fabio/Documents/Progetto-SOL/test/folder1/cibo/ci
Worker 66428: Received a new request -> c:/home/fabio/Documents/Progetto-SOL/test/folder1/cibo/cibo_7.png:66431
Worker 66428: Client 66431 has created file /home/fabio/Documents/Progetto-SOL/test/folder1/cibo/cibo_7.png
Worker 66428: Client 66431 has written file /home/fabio/Documents/Progetto-SOL/test/folder1/cibo/ci
Worker 66428: Received a new request -> c:/home/fabio/Documents/Progetto-SOL/test/folder1/cibo/cibo_14.png:66431
Worker 66428: Client 66431 has created file /home/fabio/Documents/Progetto-SOL/test/folder1/cibo/cibo_14.png
Worker 66428: Client 66431 has written file /home/fabio/Documents/Progetto-SOL/test/folder1/cibo/ci
Worker 66428: Received a new request -> c:/home/fabio/Documents/Progetto-SOL/test/folder1/cani/cani_6.png:66431
Worker 66428: Client 66431 has created file /home/fabio/Documents/Progetto-SOL/test/folder1/cani/cani_6.png
Worker 66428: Client 66431 has written file /home/fabio/Documents/Progetto-SOL/test/folder1/cani/ca
Worker 66428: Received a new request -> c:/home/fabio/Documents/Progetto-SOL/test/folder1/cani/cani_3.png:66431
Worker 66428: Client 66431 has created file /home/fabio/Documents/Progetto-SOL/test/folder1/cani/cani_3.png
Worker 66428: Client 66431 has written file /home/fabio/Documents/Progetto-SOL/test/folder1/cani/ca
Worker 66428: Received a new request -> c:/home/fabio/Documents/Progetto-SOL/test/folder1/cani/cani_5.png:66431
Worker 66428: Client 66431 has created file /home/fabio/Documents/Progetto-SOL/test/folder1/cani/cani_5.png
Worker 66428: Client 66431 has written file /home/fabio/Documents/Progetto-SOL/test/folder1/cani/ca
Worker 66428: Received a new request -> c:/home/fabio/Documents/Progetto-SOL/test/folder1/cani/cani_7.png:66431
Worker 66428: Client 66431 has created file /home/fabio/Documents/Progetto-SOL/test/folder1/cani/cani_7.png
Worker 66428: Client 66431 has written file /home/fabio/Documents/Progetto-SOL/test/folder1/cani/ca
Worker 66428: Received a new request -> c:/home/fabio/Documents/Progetto-SOL/test/folder1/cani/cani_8.png:66431
Worker 66428: Client 66431 has created file /home/fabio/Documents/Progetto-SOL/test/folder1/cani/cani_8.png
Worker 66428: Client 66431 has written file /home/fabio/Documents/Progetto-SOL/test/folder1/cani/ca
Worker 66428: Received a new request -> c:/home/fabio/Documents/Progetto-SOL/test/folder1/cani/cani_4.png:66431
Worker 66428: Client 66431 has created file /home/fabio/Documents/Progetto-SOL/test/folder1/cani/cani_4.png
Worker 66428: Client 66431 has written file /home/fabio/Documents/Progetto-SOL/test/folder1/cani/ca
Worker 66428: Received a new request -> c:/home/fabio/Documents/Progetto-SOL/test/folder1/cani/cani_1.png:66431
Worker 66428: Client 66431 has created file /home/fabio/Documents/Progetto-SOL/test/folder1/cani/cani_1.png
Worker 66428: Client 66431 has written file /home/fabio/Documents/Progetto-SOL/test/folder1/cani/ca
Worker 66428: Received a new request -> c:/home/fabio/Documents/Progetto-SOL/test/folder1/cani/cani_2.png:66431
Worker 66428: Client 66431 has created file /home/fabio/Documents/Progetto-SOL/test/folder1/cani/cani_2.png
Worker 66428: Client 66431 has written file /home/fabio/Documents/Progetto-SOL/test/folder1/cani/ca
Worker 66428: Received a new request -> c:/home/fabio/Documents/Progetto-SOL/test/folder1/vari/filegenerico1.txt:66431
Worker 66428: Client 66431 has created file /home/fabio/Documents/Progetto-SOL/test/folder1/vari/filegenerico1.txt
Worker 66428: Client 66431 has written file /home/fabio/Documents/Progetto-SOL/test/folder1/vari/fi
Worker 66428: Received a new request -> c:/home/fabio/Documents/Progetto-SOL/test/folder1/vari/filegenerico4.txt:66431
Worker 66428: Client 66431 has created file /home/fabio/Documents/Progetto-SOL/test/folder1/vari/filegenerico4.txt
Worker 66428: Client 66431 has written file /home/fabio/Documents/Progetto-SOL/test/folder1/vari/fi
Worker 66428: Received a new request -> c:/home/fabio/Documents/Progetto-SOL/test/folder1/vari/filegenerico2.txt:66431
Worker 66428: Client 66431 has created file /home/fabio/Documents/Progetto-SOL/test/folder1/vari/filegenerico2.txt
Worker 66428: Client 66431 has written file /home/fabio/Documents/Progetto-SOL/test/folder1/vari/fi
Worker 66428: Received a new request -> c:/home/fabio/Documents/Progetto-SOL/test/folder1/vari/filegenerico5.txt:66431
Worker 66428: Client 66431 has created file /home/fabio/Documents/Progetto-SOL/test/folder1/vari/filegenerico5.txt
Worker 66428: Client 66431 has written file /home/fabio/Documents/Progetto-SOL/test/folder1/vari/fi
Worker 66428: Received a new request -> c:/home/fabio/Documents/Progetto-SOL/test/folder1/vari/Yahoo.html:66431
Worker 66428: Client 66431 has created file /home/fabio/Documents/Progetto-SOL/test/folder1/vari/Yahoo.html
Worker 66428: Client 66431 has written file /home/fabio/Documents/Progetto-SOL/test/folder1/vari/Ya
Worker 66428: Received a new request -> c:/home/fabio/Documents/Progetto-SOL/test/folder1/vari/listadellaspesa.txt:66431
Worker 66428: Client 66431 has created file /home/fabio/Documents/Progetto-SOL/test/folder1/vari/listadellaspesa.txt
Worker 66428: Client 66431 has written file /home/fabio/Documents/Progetto-SOL/test/folder1/vari/li
Worker 66428: Received a new request -> c:/home/fabio/Documents/Progetto-SOL/test/folder1/vari/filegenerico3.txt:66431
Worker 66428: Client 66431 has created file /home/fabio/Documents/Progetto-SOL/test/folder1/vari/filegenerico3.txt
Worker 66428: Client 66431 has written file /home/fabio/Documents/Progetto-SOL/test/folder1/vari/fi
Worker 66428: Received a new request -> c:/home/fabio/Documents/Progetto-SOL/test/folder1/vari/Google.html:66431
Worker 66428: Client 66431 has created file /home/fabio/Documents/Progetto-SOL/test/folder1/vari/Google.html
Worker 66428: Client 66431 has written file /home/fabio/Documents/Progetto-SOL/test/folder1/vari/Go
Worker 66428: Received a new request -> rn:4:66431
Worker 66428: Client 66431 has read file /home/fabio/Documents/Progetto-SOL/test/folder1/cibo/cibo_
Worker 66428: Client 66431 has read file /home/fabio/Documents/Progetto-SOL/test/folder1/cibo/cibo_
Worker 66428: Client 66431 has read file /home/fabio/Documents/Progetto-SOL/test/folder1/cibo/cibo_
Worker 66428: Client 66431 has read file /home/fabio/Documents/Progetto-SOL/test/folder1/cibo/cibo_
Worker 66428: Received a new request -> e:66431
Worker 66428: Client 66431 closed file /home/fabio/Documents/Progetto-SOL/test/folder1/cibo/cibo_11.png
Worker 66428: Client 66431 closed file /home/fabio/Documents/Progetto-SOL/test/folder1/cibo/cibo_6.png
Worker 66428: Client 66431 closed file /home/fabio/Documents/Progetto-SOL/test/folder1/cibo/cibo_14.png
Worker 66428: Client 66431 closed file /home/fabio/Documents/Progetto-SOL/test/folder1/cibo/cibo_12.png
Worker 66428: Client 66431 closed file /home/fabio/Documents/Progetto-SOL/test/folder1/cani/cani_8.png
Worker 66428: Client 66431 closed file /home/fabio/Documents/Progetto-SOL/test/folder1/cibo/cibo_4.png
Worker 66428: Client 66431 closed file /home/fabio/Documents/Progetto-SOL/test/folder1/vari/Google.html
Worker 66428: Client 66431 closed file /home/fabio/Documents/Progetto-SOL/test/folder1/vari/listadellaspesa.txt
Worker 66428: Client 66431 closed file /home/fabio/Documents/Progetto-SOL/test/folder1/cani/cani_4.png
Worker 66428: Client 66431 closed file /home/fabio/Documents/Progetto-SOL/test/folder1/cibo/cibo_13.png
Worker 66428: Client 66431 closed file /home/fabio/Documents/Progetto-SOL/test/folder1/cani/cani_1.png
Worker 66428: Client 66431 closed file /home/fabio/Documents/Progetto-SOL/test/folder1/cibo/cibo_3.png
Worker 66428: Client 66431 closed file /home/fabio/Documents/Progetto-SOL/test/folder1/vari/filegenerico3.txt
Worker 66428: Client 66431 closed file /home/fabio/Documents/Progetto-SOL/test/folder1/cibo/cibo_9.png
Worker 66428: Client 66431 closed file /home/fabio/Documents/Progetto-SOL/test/folder1/cibo/cibo_1.png
Worker 66428: Client 66431 closed file /home/fabio/Documents/Progetto-SOL/test/folder1/cani/cani_6.png
Worker 66428: Client 66431 closed file /home/fabio/Documents/Progetto-SOL/test/folder1/cibo/cibo_8.png
Worker 66428: Client 66431 closed file /home/fabio/Documents/Progetto-SOL/test/folder1/vari/filegenerico4.txt
Worker 66428: Client 66431 closed file /home/fabio/Documents/Progetto-SOL/test/folder1/cibo/cibo_10.png
Worker 66428: Client 66431 closed file /home/fabio/Documents/Progetto-SOL/test/folder1/cani/cani_3.png
Worker 66428: Client 66431 closed file /home/fabio/Documents/Progetto-SOL/test/folder1/cani/cani_2.png
Worker 66428: Client 66431 closed file /home/fabio/Documents/Progetto-SOL/test/folder1/cani/cani_7.png
Worker 66428: Client 66431 closed file /home/fabio/Documents/Progetto-SOL/test/folder1/vari/filegenerico5.txt
Worker 66428: Client 66431 closed file /home/fabio/Documents/Progetto-SOL/test/folder1/cibo/cibo_7.png
Worker 66428: Client 66431 closed file /home/fabio/Documents/Progetto-SOL/test/folder1/vari/filegenerico2.txt
Worker 66428: Client 66431 closed file /home/fabio/Documents/Progetto-SOL/test/folder1/vari/filegenerico1.txt
Worker 66428: Client 66431 closed file /home/fabio/Documents/Progetto-SOL/test/folder1/vari/Yahoo.html
Worker 66428: Client 66431 closed file /home/fabio/Documents/Progetto-SOL/test/folder1/cibo/cibo_5.png
Worker 66428: Client 66431 closed file /home/fabio/Documents/Progetto-SOL/test/folder1/cani/cani_5.png
Worker 66428: Client 66431 closed file /home/fabio/Documents/Progetto-SOL/test/folder1/cibo/cibo_2.png
Client 66431 disconnected
Worker 66428: Received a new request -> co:/home/fabio/Documents/Progetto-SOL/test/folder2/3.txt:66461
Worker 66428: Client 66461 has created with lock file/home/fabio/Documents/Progetto-SOL/test/folder2/3.txt
Worker 66428: Client 66461 has written file /home/fabio/Documents/Progetto-SOL/test/folder2/3.txt o
Worker 66428: Received a new request -> co:/home/fabio/Documents/Progetto-SOL/test/folder2/6.txt:66461
Worker 66428: Client 66461 has created with lock file/home/fabio/Documents/Progetto-SOL/test/folder2/6.txt
Worker 66428: Client 66461 has written file /home/fabio/Documents/Progetto-SOL/test/folder2/6.txt o
Worker 66428: Received a new request -> co:/home/fabio/Documents/Progetto-SOL/test/folder2/5.txt:66461
Worker 66428: Client 66461 has created with lock file/home/fabio/Documents/Progetto-SOL/test/folder2/5.txt
Worker 66428: Client 66461 has written file /home/fabio/Documents/Progetto-SOL/test/folder2/5.txt o
Worker 66428: Received a new request -> a:/home/fabio/Documents/Progetto-SOL/test/folder2/5.txt:66461?y
Worker 66428: Client 66461 has appended to file /home/fabio/Documents/Progetto-SOL/test/folder2/5.t
Worker 66428: Received a new request -> a:/home/fabio/Documents/Progetto-SOL/test/folder2/5.txt:66461?y
Worker 66428: Client 66461 has appended to file /home/fabio/Documents/Progetto-SOL/test/folder2/5.t
Worker 66428: Received a new request -> a:/home/fabio/Documents/Progetto-SOL/test/folder2/5.txt:66461?y
Worker 66428: Client 66461 has appended to file /home/fabio/Documents/Progetto-SOL/test/folder2/5.t
Worker 66428: Received a new request -> a:/home/fabio/Documents/Progetto-SOL/test/folder2/5.txt:66461?y
Worker 66428: Client 66461 has appended to file /home/fabio/Documents/Progetto-SOL/test/folder2/5.t
Worker 66428: Received a new request -> e:66461
Worker 66428: Client 66461 closed file /home/fabio/Documents/Progetto-SOL/test/folder2/6.txt
Worker 66428: Client 66461 closed file /home/fabio/Documents/Progetto-SOL/test/folder2/3.txt
Worker 66428: Client 66461 closed file /home/fabio/Documents/Progetto-SOL/test/folder2/5.txt
Client 66461 disconnected

STATISTICS:
Max stored data size (MB): 10
Max number of files stored: 33
Max connected clients: 2
